Trying 206.113.119.21...
Connected to x.xx.xxx.
Escape character is '^]'.


(x.xx.xxx) Enter password: [2J[H[24;1H Press Ctrl-n to move cursor to the next menu item. Press return to select it.
 Press Tab to move to another window --- thick border indicates active window.[1;11H* * *  E N G I N E E R I N G   T E S T   R E L E A S E * * *(0[7m[2;2Hlqqqqqqqq XXXX EDIT qqqqqqqqk[3;2Hx[3;33Hx[4;2Hx[4;33Hx[5;2Hx[5;33Hx[6;2Hx[6;33Hx[7;2Hx[7;33Hx[8;2Hx[8;33Hx[9;2Hx[9;33Hx[10;2Hx[10;33Hx[11;2Hx[11;33Hx[12;2Hx[12;33Hx[13;2Hx[13;33Hx[14;2Hx[14;33Hx[15;2Hx[15;33Hx[16;2Hx[16;33Hx[17;2Hx[17;33Hx[18;2Hx[18;33Hx[19;2Hx[19;33Hx[20;2Hx[20;33Hx[21;2Hx[21;33Hx(B[0m[3;3H90-000 Ethernet               [3;30H   [4;3H>90-100 Connections           [5;3H 90-200 Names / Passwords     [6;3H 90-300 Bridge Adrs           [7;3H 90-400 Static Rtes           [8;3H 90-500 Filters               [9;3H 90-600 Answer                [10;3H 90-700 SNMP Traps            [11;3H 90-800 Mod Config            [12;3H                              [13;3H                              [14;3H                              [15;3H                              [16;3H                              [17;3H                              [18;3H                              [19;3H                              [20;3H                              [21;3H                              (0[2;35Hlqqqqqqqqqqqqqqqqqqqqk[3;35Hx[3;56Hx[4;35Hx[4;56Hx[5;35Hx[5;56Hx[6;35Hx[6;56Hx(B[3;36H10-100 1234567890   [23;79H[3;53H   [4;36H L1/LA **********   [23;79H[5;36H   12345678901234   [23;79H[6;36H   *************s   [23;79H(0[2;58Hlqqqqqqqqqqqqqqqqqqqqk[3;58Hx[3;79Hx[4;58Hx[4;79Hx[5;58Hx[5;79Hx[6;58Hx[6;79Hx(B[3;59H10-200 1234567890   [23;79H[3;76H   [4;59H L2/LA **********   [23;79H[5;59H   12345678901234   [23;79H[6;59H   *************s   [23;79H(0[7;35Hlqqqqqqqqqqqqqqqqqqqqk[8;35Hx[8;56Hx[9;35Hx[9;56Hx[10;35Hx[10;56Hx[11;35Hx[11;56Hx(B[8;36H20-100 1234567890   [23;79H[8;53H   [9;36H L1/LA **********   [23;79H[10;36H   12345678901234   [23;79H[11;36H   *************s   [23;79H(0[7;58Hlqqqqqqqqqqqqqqqqqqqqk[8;58Hx[8;79Hx[9;58Hx[9;79Hx[10;58Hx[10;79Hx[11;58Hx[11;79Hx(B[8;59H20-200 1234567890   [23;79H[8;76H   [9;59H L2/LA *--**--*--   [23;79H[10;59H   12345678901234   [23;79H[11;59H   *------------s   [23;79H(0[12;35Hlqqqqqqqqqqqqqqqqqqqqk[13;35Hx[13;56Hx[14;35Hx[14;56Hx[15;35Hx[15;56Hx[16;35Hx[16;56Hx(B[13;36H90-100 Sessions     [13;53H   [14;36H>  0 Active         [15;36H                    [16;36H                    (0[12;58Hlqqqqqqqqqqqqqqqqqqqqk[13;58Hx[13;79Hx[14;58Hx[14;79Hx[15;58Hx[15;79Hx[16;58Hx[16;79Hx(B[13;59H00-200 16:51:14     [23;79H[13;76H   [14;59H>M31  Line    Ch    [23;79H[15;59H LAN session up     [23;79H[16;59H rubrcrft           [23;79H(0[17;35Hlqqqqqqqqqqqqqqqqqqqqk[18;35Hx[18;56Hx[19;35Hx[19;56Hx[20;35Hx[20;56Hx[21;35Hx[21;56Hx(B[18;36H90-300 WAN Stat     [23;79H[18;53H   [19;36H>Rx Pkt:          0^[23;79H[20;36H Tx Pkt:          0 [23;79H[21;36H    CRC:          0v[23;79H(0[17;58Hlqqqqqqqqqqqqqqqqqqqqk[18;58Hx[18;79Hx[19;58Hx[19;79Hx[20;58Hx[20;79Hx[21;58Hx[21;79Hx(B[18;59H90-500 DYN Stat     [23;79H[18;76H   [19;59H                    [23;79H[20;59H                    [23;79H[21;59H                    [23;79H[23;79H[19;36H>Rx Pkt:  865295795^[23;79H[20;36H Tx Pkt:  120526282 [23;79H[21;36H    CRC:       2379v[23;79H[18;59Hkuhnwitt            [23;79H[18;76H   [19;59H Qual Good 04:13:32 [23;79H[20;59H 128K    2 channels [23;79H[21;59H CLU   0%  ALU   3% [23;79H[23;79H[13;36H90-100 Sessions     [13;53H   [14;36H> 66 Active        ^[15;36H O impcflsp         [16;36H O vance2          v[23;79H[4;3H 90-100 Connections           [5;3H>90-200 Names / Passwords     [23;79H[19;36H>Rx Pkt:  865295937^[23;79H[20;36H Tx Pkt:  120526375 [23;79H[19;59H Qual Good 04:13:33 [23;79H[21;59H CLU  51%  ALU  11% [23;79H[23;79H[23;79H[5;3H 90-200 Names / Passwords     [6;3H>90-300 Bridge Adrs           [23;79H[6;3H 90-300 Bridge Adrs           [7;3H>90-400 Static Rtes           [23;79H[7;3H 90-400 Static Rtes           [8;3H>90-500 Filters               [23;79H[8;3H 90-500 Filters               [9;3H>90-600 Answer                [23;79H[13;59H00-200 16:51:28     [23;79H[13;76H   [15;59H LAN session down   [23;79H[16;59H farmer             [23;79H[19;36H>Rx Pkt:  865296423^[23;79H[20;36H Tx Pkt:  120526435 [23;79H[19;59H Qual Good 04:13:34 [23;79H[21;59H CLU   0%  ALU  11% [23;79H[23;79H[13;36H90-100 Sessions     [13;53H   [14;36H> 65 Active        ^[15;36H O impcflsp         [16;36H O vance2          v[23;79H[9;3H 90-600 Answer                [10;3H>90-700 SNMP Traps            [23;79H[10;3H 90-700 SNMP Traps            [11;3H>90-800 Mod Config            [23;79H[19;36H>Rx Pkt:  865297002^[23;79H[20;36H Tx Pkt:  120526507 [23;79H[19;59H Qual Good 04:13:35 [23;79H[21;59H CLU   0%  ALU   9% [23;79H[23;79H[23;79H[13;59H00-200 16:51:30     [23;79H[13;76H   [15;59H Call Terminated    [23;79H[16;59H                    [23;79H[19;36H>Rx Pkt:  865297390^[23;79H[20;36H Tx Pkt:  120526587 [23;79H[19;59H Qual Good 04:13:36 [23;79H[21;59H CLU 100%  ALU  26% [23;79H[23;79H[23;79H[4;3HDO...                         [5;3H>0=Esc                        [6;3H P=Password                   [7;3H C=Close TELNET               [8;3H                              [9;3H                              [10;3H                              [11;3H                              [12;3H                              [13;3H                              [14;3H                              [15;3H                              [16;3H                              [17;3H                              [18;3H                              [19;3H                              [20;3H                              [21;3H                              [23;79H[15;59H LAN session down   [23;79H[16;59H stein              [23;79H[19;36H>Rx Pkt:  865297547^[23;79H[20;36H Tx Pkt:  120526678 [23;79H[19;59H Qual Good 04:13:37 [23;79H[21;59H CLU  51%  ALU  32% [23;79H[23;79H[13;36H90-100 Sessions     [13;53H   [14;36H> 64 Active        ^[15;36H O impcflsp         [16;36H O vance2          v[23;79H[6;36H   ******-******s   [23;79H[6;59H   **********-**s   [23;79H[23;79H[23;79H[4;3HSecurity profile...?          [5;3H>00-301 Default               [6;3H 00-302                       [7;3H 00-303 gerald                [8;3H 00-304 rmyers                [9;3H 00-305 rick                  [10;3H 00-306                       [11;3H 00-307                       [12;3H 00-308                       [13;3H 00-309 Full Access           [14;3H                              [15;3H                              [16;3H                              [17;3H                              [18;3H                              [19;3H                              [20;3H                              [21;3H                              [23;79H[5;3H 00-301 Default               [13;3H>00-309 Full Access           [23;79H[19;36H>Rx Pkt:  865297753^[23;79H[20;36H Tx Pkt:  120526760 [23;79H[19;59H Qual Good 04:13:38 [23;79H[21;59H CLU 100%  ALU  48% [23;79H[23;79H[23;79H[5;4H[4;3H                              [4;3HEnter Password:[5;3H                              [5;3H []                           [6;3H                              [6;3H                              [7;3H Press > to accept            [23;79H[8;3H                              [23;79H[9;3H                              [23;79H[10;3H                              [23;79H[11;3H                              [23;79H[12;3H                              [23;79H[13;3H                              [23;79H[14;3H                              [23;79H[15;3H                              [23;79H[16;3H                              [23;79H[17;3H                              [23;79H[18;3H                              [23;79H[19;3H                              [23;79H[20;3H                              [23;79H[21;3H                              [23;79H[5;4H[19;36H>Rx Pkt:  865298167^[23;79H[20;36H Tx Pkt:  120526837 [23;79H[19;59H Qual Good 04:13:39 [23;79H[21;59H CLU  58%  ALU  51% [23;79H[5;4H[5;4H[5;6H[5;3H                              [5;3H [*]                          [6;3H                              [6;3H                              [5;6H[5;7H[5;3H                              [5;3H [**]                         [6;3H                              [6;3H                              [5;7H[5;8H[5;3H                              [5;3H [***]                        [6;3H                              [6;3H                              [5;8H[5;9H[5;3H                              [5;3H [****]                       [6;3H                              [6;3H                              [5;9H[19;36H>Rx Pkt:  865298365^[23;79H[20;36H Tx Pkt:  120526913 [23;79H[19;59H Qual Good 04:13:40 [23;79H[21;59H CLU   0%  ALU  44% [23;79H[5;9H[5;9H[5;10H[5;3H                              [5;3H [*****]                      [6;3H                              [6;3H                              [5;10H[5;11H[5;3H                              [5;3H [******]                     [6;3H                              [6;3H                              [5;11H[5;12H[5;3H                              [5;3H [*******]                    [6;3H                              [6;3H                              [5;12H[19;36H>Rx Pkt:  865298655^[23;79H[20;36H Tx Pkt:  120527005 [23;79H[19;59H Qual Good 04:13:42 [23;79H[21;59H CLU   0%  ALU  36% [23;79H[5;12H[5;12H[5;13H[5;3H                              [5;3H [********]                   [6;3H                              [6;3H                              [5;13H[5;14H[5;3H                              [5;3H [*********]                  [6;3H                              [6;3H                              [5;14H[5;15H[5;3H                              [5;3H [**********]                 [6;3H                              [6;3H                              [5;15H[5;16H[5;3H                              [5;3H [***********]                [6;3H                              [6;3H                              [5;16H[19;36H>Rx Pkt:  865298854^[23;79H[20;36H Tx Pkt:  120527087 [23;79H[19;59H Qual Good 04:13:43 [23;79H[21;59H CLU   9%  ALU  32% [23;79H[5;16H[3;3HMessage #119                  [23;79H[3;30H   [4;3H Password accepted.           [23;79H[5;3H Using new security           [23;79H[6;3H      level.                  [23;79H[7;3H                              [23;79H[8;3H                              [23;79H[9;3H                              [23;79H[10;3H                              [23;79H[11;3H                              [23;79H[12;3H                              [23;79H[13;3H                              [23;79H[14;3H                              [23;79H[15;3H                              [23;79H[16;3H                              [23;79H[17;3H                              [23;79H[18;3H                              [23;79H[19;3H                              [23;79H[20;3H                              [23;79H[21;3H                              [23;79H[23;79H[23;79H[3;3H90-000 Ethernet               [3;30H   [4;3H 90-100 Connections           [5;3H 90-200 Names / Passwords     [6;3H 90-300 Bridge Adrs           [7;3H 90-400 Static Rtes           [8;3H 90-500 Filters               [9;3H 90-600 Answer                [10;3H 90-700 SNMP Traps            [11;3H>90-800 Mod Config            [12;3H                              [13;3H                              [14;3H                              [15;3H                              [16;3H                              [17;3H                              [18;3H                              [19;3H                              [20;3H                              [21;3H                              [23;79H[19;36H>Rx Pkt:  865299268^[23;79H[20;36H Tx Pkt:  120527164 [23;79H[19;59H Qual Good 04:13:44 [23;79H[21;59H CLU  10%  ALU  27% [23;79H[23;79H[23;79H[4;3HDO...                         [5;3H>0=Esc                        [6;3H P=Password                   [7;3H C=Close TELNET               [8;3H E=Termsrv                    [9;3H D=Diagnostics                [10;3H                              [11;3H                              [12;3H                              [13;3H                              [14;3H                              [15;3H                              [16;3H                              [17;3H                              [18;3H                              [19;3H                              [20;3H                              [21;3H                              [23;79H[19;36H>Rx Pkt:  865299611^[23;79H[20;36H Tx Pkt:  120527274 [23;79H[19;59H Qual Good 04:13:45 [23;79H[21;59H CLU   0%  ALU  22% [23;79H[23;79H[23;79H[19;36H>Rx Pkt:  865299970^[23;79H[20;36H Tx Pkt:  120527391 [23;79H[19;59H Qual Good 04:13:46 [23;79H[21;59H CLU  40%  ALU  20% [23;79H[23;79H[23;79H[13;59H00-200 16:51:41     [23;79H[13;76H   [15;59H Assigned to port   [23;79H[16;59H                    [23;79H[19;36H>Rx Pkt:  865300376^[23;79H[20;36H Tx Pkt:  120527518 [23;79H[19;59H Qual Good 04:13:47 [23;79H[21;59H CLU  27%  ALU  20% [23;79H[23;79H[13;36H90-100 Sessions     [13;53H   [14;36H> 65 Active        ^[15;36H O impcflsp         [16;36H O vance2          v[23;79H[6;36H   ******r******s   [23;79H[23;79H[2J[H > wandsess iguana 128
 > RECV-iguana:241:(task: B04C7A20, time: 1975349.39) 8 octets @ 8003AE30
  [0000]: FF 03 00 3D C0 06 C9 7A 
XMIT-iguana:241:(task: B02614C0, time: 1975350.82) 8 octets @ 800964B6
  [0000]: FF 03 00 3D C0 09 1D 5D 
RECV-iguana:241:(task: B04C4300, time: 1975351.39) 8 octets @ 8003AB1C
  [0000]: FF 03 00 3D C0 06 C9 7C 
RECV-iguana:241:(task: B04C4300, time: 1975352.44) 49 octets @ 8003C6D0
  [0000]: FF 03 00 3D C0 06 C9 7E 2F 45 00 00 28 69 DA 40 
  [0010]: 00 3F 01 50 F9 CE 41 62 12 D8 20 78 88 20 1D 00 
  [0020]: 50 5F AD 3A 1A 18 C9 FA 51 50 10 7D 78 E4 0F 00 
  [0030]: 00 
RECV-iguana:241:(task: B04A2B00, time: 1975352.72) 16 octets @ 8003A1E0
  [0000]: FF 03 00 3D C0 06 C9 80 2D 0C E1 7A 6A 00 02 2B 
XMIT-iguana:241:(task: B04A2B00, time: 1975352.74) 155 octets @ 8008A936
  [0000]: FF 03 00 3D C0 09 1D 5F 2F 45 00 00 92 FB FD 00 
  [0010]: 00 76 01 C7 6B D8 20 78 88 CE 41 62 12 00 50 20 
  [0020]: 1D 18 C9 FA 51 5F AD 3C 45 50 18 20 0D 92 FB 00 
  [0030]: 00 48 54 54 50 2F 31 2E 30 20 32 30 30 20 4F 4B 
  [0040]: 0D 0A 53 65 72 76 65 72 3A 20 4D 69 63 72 6F 73 
  [0050]: 6F 66 74 2D 49 49 53 2F 33 2E 30 0D 0A 44 61 74 
  [0060]: 65 3A 20 4D 6F 6E 2C 20 30 31 20 46 65 62 20 31 
  [0070]: 39 39 39 20 32 32 3A 32 35 3A 32 34 20 47 4D 54 
XMIT-iguana:241:(task: B04A2B00, time: 1975352.74) 425 octets @ 800A3F76
  [0000]: FF 03 00 3D C0 09 1D 61 FD 00 2D 05 50 D9 17 87 
  [0010]: C8 F5 BA 61 BD EB C4 65 FA C9 DC 34 C2 38 86 D7 
  [0020]: 64 EE 41 93 D8 70 7F A4 7D BC A6 6E 67 88 91 1A 
  [0030]: 02 A6 7E B5 E7 2A 43 E9 58 32 20 DE 12 15 AA E1 
  [0040]: E2 22 11 D7 38 21 E0 5F A9 13 0C 89 7E 42 F4 A5 
  [0050]: 70 6E 1E F5 37 6D EB 13 2F 4A FD 9C 1F 08 91 51 
  [0060]: 24 AB 92 0F AC 0F FF F1 B0 21 B1 E9 0D 7D 84 37 
  [0070]: FF C8 CE 10 DF 84 9B 5D 42 3B 5D F8 7A 3F C6 27 
XMIT-iguana:241:(task: B04E12C0, time: 1975353.87) 8 octets @ 8009FDD6
  [0000]: FF 03 00 3D C0 09 1D 63 
RECV-iguana:241:(task: B04E12C0, time: 1975354.39) 8 octets @ 8003D320
  [0000]: FF 03 00 3D C0 06 C9 82 
RECV-iguana:241:(task: B04E12C0, time: 1975355.39) 8 octets @ 8003A808
  [0000]: FF 03 00 3D C0 06 C9 84 
XMIT-iguana:241:(task: B02614C0, time: 1975355.91) 8 octets @ 80099CF6
  [0000]: FF 03 00 3D C0 09 1D 65 
XMIT-iguana:241:(task: B02614C0, time: 1975356.20) 452 octets @ 800980D6
  [0000]: FF 03 00 3D C0 09 1D 67 FD 00 2D 05 BD D9 14 04 
  [0010]: D8 60 00 59 A0 00 E1 00 C4 07 46 B1 36 6C 99 DA 
  [0020]: 77 A1 BC FC E7 7A DA A3 E4 A2 75 85 14 74 B5 3F 
  [0030]: FD 0C 73 45 A8 FF FF D4 46 20 B2 11 6A 2A 1F 2F 
  [0040]: 9B FA 17 D9 E6 F1 DD FA 49 FB E4 C7 4B E2 D0 E4 
  [0050]: 5A BC C5 B9 14 5F 49 BA D4 01 06 B5 60 B8 C9 17 
  [0060]: 70 7E 56 34 C7 4C BD E2 73 13 4A 5E 1E D8 3F C3 
  [0070]: C2 0A 21 06 F3 48 E3 B4 BE 0F 35 D2 65 3C 77 7F 
RECV-iguana:241:(task: B02614C0, time: 1975356.24) 15 octets @ 8003CCF8
  [0000]: FF 03 00 3D C0 06 C9 86 2D 04 D0 C8 00 0B 68 
XMIT-iguana:241:(task: B04E12C0, time: 1975356.44) 459 octets @ 8009D536
  [0000]: FF 03 00 3D C0 09 1D 69 FD 00 2D 05 BA D9 17 86 
  [0010]: 15 80 07 00 07 69 42 39 A6 07 A4 78 BF FB 2B E7 
  [0020]: 46 AF FF FF FF FF FF FA E5 13 36 EB F8 87 0D 63 
  [0030]: 29 7F 42 44 CA 1E F1 AB 22 23 ED BF F2 96 9E 6F 
  [0040]: FD 25 C1 E9 48 6F 38 CC D9 F0 75 65 5F BF 89 95 
  [0050]: FB F4 14 61 FF FF FA F1 FD C8 55 18 51 AF 22 39 
  [0060]: E5 1E 4F FF FF FF FF FF FF F1 CF 79 C7 8F FE 0A 
  [0070]: 10 8C 0D A6 5C 79 BA 23 C5 E5 BD F3 8F 0F FB 71 
XMIT-iguana:241:(task: B04E12C0, time: 1975356.44) 305 octets @ 8009EB16
  [0000]: FF 03 00 3D C0 09 1D 6B FD 00 2D 02 E0 D9 84 10 
  [0010]: CD AD D2 36 D5 F8 C6 14 84 0B F9 F0 89 F7 AF 68 
  [0020]: 89 F5 6F EF 0C 76 C5 33 E4 66 35 88 AB 13 9F 2C 
  [0030]: B7 0D 62 57 EF 1C 22 D2 9B 8F 28 02 FE BC 62 31 
  [0040]: 9B 5F 68 84 F4 3A 8A 16 10 C7 F5 88 40 24 1C 8B 
  [0050]: A3 50 6E FD A2 A7 BF BF FA 8C 9B 34 86 C4 A4 41 
  [0060]: 48 40 BC 2F 6D BF B7 F7 FD 29 DC 68 4D DF B7 F7 
  [0070]: FF C6 42 69 36 71 49 B4 EB 18 22 1F 7E 92 1E A1 
RECV-iguana:241:(task: B04E12C0, time: 1975356.52) 53 octets @ 8003BD94
  [0000]: FF 03 00 3D C0 06 C9 88 21 45 00 00 2C 69 E1 00 
  [0010]: 00 3F 06 49 68 CE 41 62 12 CF 45 C8 E9 20 1F 00 
  [0020]: 50 FF FE DA 9D 00 00 00 00 60 02 02 00 D2 97 00 
  [0030]: 00 02 04 05 B4 
XMIT-iguana:241:(task: B02614C0, time: 1975356.66) 784 octets @ 80099396
  [0000]: FF 03 00 3D C0 09 1D 6D FD 00 2D 05 BA D9 17 BA 
  [0010]: 90 40 00 08 02 A5 79 BA 22 91 92 6E 2C 53 43 BC 
  [0020]: 8A 01 B3 61 E8 59 EA 1E 1C 25 DB 43 0F 2A 82 C3 
  [0030]: BF D4 67 19 A2 37 E1 E3 9A 69 D8 49 66 68 D9 91 
  [0040]: 85 23 0C 64 1A 18 B0 F6 FF 2B D2 10 E2 F4 C3 7D 
  [0050]: 47 BF A1 81 42 52 91 8F 84 92 BC 21 49 B2 3C F1 
  [0060]: 86 EE 46 B8 D4 13 4A 3F 64 21 A8 71 33 D6 0F 20 
  [0070]: A8 46 D0 E6 C8 70 51 15 25 2B 9C 3F 6D 96 79 CD 
XMIT-iguana:241:(task: B02614C0, time: 1975356.66) 53 octets @ 80097A96
  [0000]: FF 03 00 3D C0 09 1D 6F 21 45 00 00 2C 13 70 40 
  [0010]: 00 32 06 6C D9 CF 45 C8 E9 CE 41 62 12 00 50 20 
  [0020]: 1F 3F C5 17 A6 FF FE DA 9E 60 12 83 2C F9 EE 00 
  [0030]: 00 02 04 05 B4 
RECV-iguana:241:(task: B04E2C00, time: 1975356.73) 49 octets @ 8003C0A8
  [0000]: FF 03 00 3D C0 06 C9 8A 2F 45 00 00 28 69 E3 40 
  [0010]: 00 3F 00 09 6A CE 41 62 12 CF 45 C8 E9 20 1F 00 
  [0020]: 50 FF FE DA 9E 3F C5 17 A7 50 10 7D 78 17 60 00 
  [0030]: 00 
RECV-iguana:241:(task: B02614C0, time: 1975356.84) 17 octets @ 8003B458
  [0000]: FF 03 00 3D C0 06 C9 8C 2D 64 01 AB F7 00 05 73 
  [0010]: 03 
RECV-iguana:241:(task: B04A2B00, time: 1975357.05) 20 octets @ 8003D00C
  [0000]: FF 03 00 3D C0 06 C9 8E 2D 6C 00 0A 7F 00 0B 68 
  [0010]: 00 01 79 03 
XMIT-iguana:241:(task: B04E12C0, time: 1975357.14) 1094 octets @ 800A3C56
  [0000]: FF 03 00 3D C0 09 1D 71 FD 00 2F 05 DC D9 FC 00 
  [0010]: 56 E0 4D 50 40 00 0C 80 06 67 8B 3C 8A C8 74 FE 
  [0020]: 38 3E 3F 62 85 D4 EF F7 F3 70 2E 50 08 20 C5 88 
  [0030]: E4 FF E0 B3 F8 54 28 0B C6 22 E1 88 82 E2 C0 C0 
  [0040]: 40 4F 25 83 41 44 4B DC A3 AA 1B 91 1E 86 19 60 
  [0050]: 8D 20 B6 56 88 E7 3E 0C 87 43 21 AE 0C 95 E8 47 
  [0060]: 26 95 34 A5 4B 09 55 A7 2D 38 41 8D 09 4B 90 CB 
  [0070]: C0 46 42 E1 AE 58 26 18 62 48 0B 77 44 47 83 31 
XMIT-iguana:241:(task: B04E12C0, time: 1975357.14) 1188 octets @ 80095836
  [0000]: FF 03 00 3D C0 09 1D 73 2D 1F BA 0A 00 06 EF D0 
  [0010]: DD E6 0F F3 6E FE CB 97 36 DB 9A DC 86 88 33 B8 
  [0020]: 39 A7 CE 36 6D FF 00 A2 AD C2 56 01 6B 11 46 9B 
  [0030]: 75 60 7A 4C 2E C9 6F A8 66 59 51 32 D0 07 D1 36 
  [0040]: 7E FF 00 F5 55 CE 89 D2 7A 76 5D F6 CB 77 64 52 
  [0050]: D3 63 31 6D 24 D0 E6 C1 6B 5F B5 BB 2D B5 B8 F6 
  [0060]: BD 96 BE 8F 5B F4 9F F1 3E A2 1D F9 0C 81 BE 23 
  [0070]: 93 BA 40 F9 96 FD 14 BA 66 5E 35 7D 52 A7 B0 5B 
RECV-iguana:241:(task: B04C7A20, time: 1975357.40) 18 octets @ 8003D948
  [0000]: FF 03 00 3D C0 06 C9 90 2D 06 00 33 00 FA 4C 00 
  [0010]: 0B 68 
RECV-iguana:241:(task: B04E12C0, time: 1975357.76) 18 octets @ 8003B76C
  [0000]: FF 03 00 3D C0 06 C9 92 2D 06 EF 16 00 FA 4C 00 
  [0010]: 0B 68 
RECV-iguana:241:(task: B04A2B00, time: 1975358.13) 15 octets @ 8003DC5C
  [0000]: FF 03 00 3D C0 06 C9 94 2D 04 D2 92 00 0B 68 
XMIT-iguana:241:(task: B04E12C0, time: 1975358.49) 1471 octets @ 8007F716
  [0000]: FF 03 00 3D C0 09 1D 75 FD 00 2D 05 B9 D9 37 80 
  [0010]: 17 28 C2 DB 5C D6 03 2D 2C 16 4F 13 8B C4 F4 B7 
  [0020]: 28 30 98 CD 24 61 45 22 55 22 B9 07 0E D5 72 FC 
  [0030]: D6 9C 73 3E CE EB B3 33 B5 D6 67 75 3E 51 86 E5 
  [0040]: 43 85 86 B3 38 B0 03 4C 84 7B 78 D6 BD 66 BE 89 
  [0050]: 2C 77 2B EC 22 0F 4D BB 4F EF F6 9A FC 96 CE 71 
  [0060]: BC 08 8B 36 B1 CC 44 9B 3F 33 9F CD 64 30 D5 C8 
  [0070]: 7F 2A A5 8F 63 73 F8 B4 CE 9C 66 1F 0C 2E A3 20 
XMIT-iguana:241:(task: B04E12C0, time: 1975358.49) 1472 octets @ 800935D6
  [0000]: FF 03 00 3D C0 09 1D 77 2D 0F 68 70 18 65 18 8A 
  [0010]: 18 AF 18 D5 18 FA 19 20 19 45 19 6B 19 91 19 B7 
  [0020]: 19 DD 1A 04 1A 2A 1A 51 1A 77 1A 9E 1A C5 1A EC 
  [0030]: 1B 14 1B 3B 1B 63 1B 8A 1B B2 1B DA 1C 02 1C 2A 
  [0040]: 1C 52 1C 7B 1C A3 1C CC 1C F5 1D 1E 1D 47 1D 70 
  [0050]: 1D 99 1D C3 1D EC 1E 16 1E 40 1E 6A 1E 94 1E BE 
  [0060]: 1E E9 1F 13 1F 3E 1F 69 1F 94 1F BF 1F EA 20 15 
  [0070]: 20 41 20 6C 20 98 20 C4 20 F0 21 1C 21 48 21 75 
XMIT-iguana:241:(task: B04E12C0, time: 1975358.49) 1472 octets @ 8008EDF6
  [0000]: FF 03 00 3D C0 09 1D 79 2D 0F 48 A7 6A 04 F0 EA 
  [0010]: 90 2C 80 D5 EA F9 BF 59 DC 37 7D A1 8D 15 B4 39 
  [0020]: F5 50 36 3C 77 F5 24 7F 39 B3 F9 08 FD 13 EB 4F 
  [0030]: 51 2D 0E CA FD 6A 9D DB 2C 61 FE 75 BA 03 BE 97 
  [0040]: 8F A7 FF 00 16 F5 A0 EA DC DB AB 6D 74 B1 E1 CD 
  [0050]: 77 A9 69 30 5B 03 D8 D6 8F CE 58 39 7D 1F 22 A3 
  [0060]: 63 B1 C0 0F 24 3C 54 DD DB 4F EF 57 BD 9F CD EE 
  [0070]: 42 33 E2 D0 A6 51 31 D7 A3 DE E3 D9 5E 45 4D B6 
XMIT-iguana:241:(task: B04E12C0, time: 1975358.49) 1472 octets @ 800A2356
  [0000]: FF 03 00 3D C0 09 1D 7B 2D 0F 49 47 C9 64 3D FF 
  [0010]: 00 A4 EE 49 D5 53 63 81 78 07 46 9D 1D F0 2A B8 
  [0020]: 76 C7 48 30 41 84 64 05 28 4A 9B 39 34 06 12 64 
  [0030]: 92 D3 3A 68 74 EE AA DD 95 75 84 9B 2D B1 DE 6E 
  [0040]: B1 E7 FE A9 C8 86 F7 16 1D C7 71 EC 55 47 59 0E 
  [0050]: DC DD 08 20 8D 3B 8D 7B A4 05 6E A2 7B 1A 62 6D 
  [0060]: A3 99 69 3F 22 A6 D7 3B 77 76 8F 39 0B AE C6 FF 
  [0070]: 00 18 F6 63 F4 93 4D 7D 33 15 9D 54 1D AD CD 65 
XMIT-iguana:241:(task: B04E12C0, time: 1975358.49) 1473 octets @ 80096E16
  [0000]: FF 03 00 3D C0 09 1D 7D 2D 2F 69 48 08 73 36 B2 
  [0010]: 5C CB 2B AB F9 5B 96 8F 4D E9 CE C3 7D 99 19 17 
  [0020]: 9C BC EC 88 F5 AF 23 68 81 F4 6A A9 9F 99 5B 52 
  [0030]: 55 52 56 36 CB AD 2F B3 D7 B1 AD B0 EC 6B AB 6B 
  [0040]: AA 6E D3 1B 98 E9 6B 9B FD 7F A6 97 52 AC B9 8D 
  [0050]: B0 6B B7 90 85 B9 A7 27 61 32 F1 67 B5 C0 9D 09 
  [0060]: 3B 9C E2 03 BF EB 6A F9 01 C0 83 C1 40 AB B3 8A 
  [0070]: ED 75 1A 81 F7 A0 E4 63 57 95 FA 37 B4 78 B5 E0 
XMIT-iguana:241:(task: B04E12C0, time: 1975358.49) 1472 octets @ 800886D6
  [0000]: FF 03 00 3D C0 09 1D 7F 2D 0F 39 5E 0B 2A B3 16 
  [0010]: D8 2F AC 3C FB 9E DD DE D7 D7 ED FE 7A A5 E7 AF 
  [0020]: E3 9D 13 A0 35 26 A9 6E 49 13 42 ED B3 89 93 79 
  [0030]: A1 D8 A6 C7 1C 76 9D ED A8 9F 68 71 D0 BD AD FC 
  [0040]: D5 61 A6 48 68 EF A7 DE 8C 7A 3D F8 3D 27 1F 36 
  [0050]: F8 6B B3 9C 4D 4C D7 70 63 47 E7 FF 00 5F E9 20 
  [0060]: 30 01 6D 6E 3A 00 E1 27 E0 53 AC 2D 74 AD 81 D4 
  [0070]: 71 3E C9 59 A9 FA 69 63 4B 01 3A EA 44 EE DB F9 
XMIT-iguana:241:(task: B04E12C0, time: 1975358.49) 1472 octets @ 8009C276
  [0000]: FF 03 00 3D C0 09 1D 81 2D 0F 80 ED A3 3F 46 CF 
  [0010]: DF 3C 9F EA B5 46 49 2C 9B 68 16 BE F6 57 A1 97 
  [0020]: 3C FD 16 37 57 15 56 EC 5B F3 2B 7B 32 1E 68 AD 
  [0030]: C0 81 5D 47 DD AF FA 4B 3F EF AD 56 99 53 2B FA 
  [0040]: 23 53 CB 8E A4 FC 5C 9C 94 82 A9 C1 BB EA CD 6D 
  [0050]: 63 9D 5D A1 CF 68 25 AD D9 C9 1D B9 59 76 E1 E6 
  [0060]: 16 96 BF 12 C7 0E 63 61 70 5D 79 48 68 53 AE F7 
  [0070]: E8 B4 C0 74 D1 F2 FE A6 6D 6E 40 0F 69 63 43 76 
RECV-iguana:241:(task: B04E12C0, time: 1975358.50) 15 octets @ 8003D634
  [0000]: FF 03 00 3D C0 06 C9 96 2D 04 C1 72 00 05 B8 
XMIT-iguana:241:(task: B04633E0, time: 1975358.60) 19 octets @ 8009AFB6
  [0000]: FF 03 00 3D C0 09 1D 83 2D 2C B6 09 01 00 05 B8 
  [0010]: 00 01 2C 
XMIT-iguana:241:(task: B04E12C0, time: 1975359.89) 8 octets @ 800932B6
  [0000]: FF 03 00 3D C0 09 1D 85 
RECV-iguana:241:(task: B04E12C0, time: 1975360.39) 8 octets @ 8003C3BC
  [0000]: FF 03 00 3D C0 06 C9 98 
RECV-iguana:241:(task: B04A2B00, time: 1975361.39) 8 octets @ 8003B144
  [0000]: FF 03 00 3D C0 06 C9 9A 
XMIT-iguana:241:(task: B04E12C0, time: 1975361.90) 8 octets @ 800A3F76
  [0000]: FF 03 00 3D C0 09 1D 87 
RECV-iguana:241:(task: B04E12C0, time: 1975363.39) 8 octets @ 8003C9E4
  [0000]: FF 03 00 3D C0 06 C9 9C 
XMIT-iguana:241:(task: B04E12C0, time: 1975363.96) 8 octets @ 80098716
  [0000]: FF 03 00 3D C0 09 1D 89 
RECV-iguana:241:(task: B04E12C0, time: 1975365.39) 8 octets @ 8003BA80
  [0000]: FF 03 00 3D C0 06 C9 9E 
XMIT-iguana:241:(task: B04E12C0, time: 1975365.90) 8 octets @ 80089996
  [0000]: FF 03 00 3D C0 09 1D 8B 
RECV-iguana:241:(task: B02614C0, time: 1975367.39) 8 octets @ 8003A4F4
  [0000]: FF 03 00 3D C0 06 C9 A0 
XMIT-iguana:241:(task: B04E2C00, time: 1975368.00) 8 octets @ 80097DB6
  [0000]: FF 03 00 3D C0 09 1D 8D 
RECV-iguana:241:(task: B04E12C0, time: 1975369.39) 8 octets @ 8003AE30
  [0000]: FF 03 00 3D C0 06 C9 A2 
XMIT-iguana:241:(task: B04E12C0, time: 1975369.95) 8 octets @ 800A3936
  [0000]: FF 03 00 3D C0 09 1D 8F 
RECV-iguana:241:(task: B02614C0, time: 1975371.39) 8 octets @ 8003AB1C
  [0000]: FF 03 00 3D C0 06 C9 A4 
XMIT-iguana:241:(task: B04C7A20, time: 1975371.95) 8 octets @ 800935D6
  [0000]: FF 03 00 3D C0 09 1D 91 
RECV-iguana:241:(task: B04E12C0, time: 1975373.39) 8 octets @ 8003C6D0
  [0000]: FF 03 00 3D C0 06 C9 A6 
XMIT-iguana:241:(task: B02614C0, time: 1975373.53) 93 octets @ 800999D6
  [0000]: FF 03 00 3D C0 09 1D 93 21 45 00 00 54 8F B3 40 
  [0010]: 00 FD 01 8A 99 CC FC 66 0B CE 41 62 12 00 00 D6 
  [0020]: 50 E7 03 EA 0A EC 29 B6 36 C5 3C 06 00 08 09 0A 
  [0030]: 0B 0C 0D 0E 0F 10 11 12 13 14 15 16 17 18 19 1A 
  [0040]: 1B 1C 1D 1E 1F 20 21 22 23 24 25 26 27 28 29 2A 
  [0050]: 2B 2C 2D 2E 2F 30 31 32 33 34 35 36 37 
RECV-iguana:241:(task: B04A2B00, time: 1975374.39) 20 octets @ 8003A1E0
  [0000]: FF 03 00 3D C1 00 15 63 00 00 00 01 00 00 00 06 
  [0010]: 00 01 00 00 
RECV-iguana:241:(task: B02614C0, time: 1975374.44) 12 octets @ 8003D320
  [0000]: FF 03 00 3D C1 00 0A BA 00 00 00 02 
RECV-iguana:241:(task: B02614C0, time: 1975374.44) 20 octets @ 8003A808
  [0000]: FF 03 00 3D C1 00 15 64 00 00 00 01 00 00 00 08 
  [0010]: 00 00 00 00 
RECV-iguana:241:(task: B02614C0, time: 1975375.39) 8 octets @ 8003CCF8
  [0000]: FF 03 00 3D C0 06 C9 A8 
XMIT-iguana:241:(task: B04E12C0, time: 1975375.94) 8 octets @ 8007FD56
  [0000]: FF 03 00 3D C0 09 1D 95 
RECV-iguana:241:(task: B02614C0, time: 1975376.39) 8 octets @ 8003BD94
  [0000]: FF 03 00 3D C0 06 C9 AA 
XMIT-iguana:241:(task: B02614C0, time: 1975377.95) 8 octets @ 8008F436
  [0000]: FF 03 00 3D C0 09 1D 97 
RECV-iguana:241:(task: B04C7A20, time: 1975378.39) 8 octets @ 8003C0A8
  [0000]: FF 03 00 3D C0 06 C9 AC 
XMIT-iguana:241:(task: B04E12C0, time: 1975379.95) 8 octets @ 80080396
  [0000]: FF 03 00 3D C0 09 1D 99 
RECV-iguana:241:(task: B02614C0, time: 1975380.39) 8 octets @ 8003B458
  [0000]: FF 03 00 3D C0 06 C9 AE 
XMIT-iguana:241:(task: B04E12C0, time: 1975382.01) 8 octets @ 80094576
  [0000]: FF 03 00 3D C0 09 1D 9B 
RECV-iguana:241:(task: B02614C0, time: 1975382.39) 8 octets @ 8003D00C
  [0000]: FF 03 00 3D C0 06 C9 B0 
XMIT-iguana:241:(task: B02614C0, time: 1975383.99) 8 octets @ 800A0416
  [0000]: FF 03 00 3D C0 09 1D 9D 
RECV-iguana:241:(task: B04E12C0, time: 1975384.39) 8 octets @ 8003D948
  [0000]: FF 03 00 3D C0 06 C9 B2 
XMIT-iguana:241:(task: B02614C0, time: 1975385.99) 8 octets @ 8008BBF6
  [0000]: FF 03 00 3D C0 09 1D 9F 
RECV-iguana:241:(task: B02614C0, time: 1975386.39) 8 octets @ 8003B76C
  [0000]: FF 03 00 3D C0 06 C9 B4 
XMIT-iguana:241:(task: B02614C0, time: 1975387.99) 8 octets @ 800822D6
  [0000]: FF 03 00 3D C0 09 1D A1 
RECV-iguana:241:(task: B04E12C0, time: 1975388.40) 8 octets @ 8003DC5C
  [0000]: FF 03 00 3D C0 06 C9 B6 
XMIT-iguana:241:(task: B02614C0, time: 1975390.00) 8 octets @ 80091CD6
  [0000]: FF 03 00 3D C0 09 1D A3 
RECV-iguana:241:(task: B02614C0, time: 1975390.40) 8 octets @ 8003D634
  [0000]: FF 03 00 3D C0 06 C9 B8 
XMIT-iguana:241:(task: B04E12C0, time: 1975392.01) 8 octets @ 8008A936
  [0000]: FF 03 00 3D C0 09 1D A5 
RECV-iguana:241:(task: B02614C0, time: 1975392.41) 8 octets @ 8003C3BC
  [0000]: FF 03 00 3D C0 06 C9 BA 
XMIT-iguana:241:(task: B02614C0, time: 1975394.08) 8 octets @ 80091696
  [0000]: FF 03 00 3D C0 09 1D A7 
RECV-iguana:241:(task: B02614C0, time: 1975394.41) 8 octets @ 8003B144
  [0000]: FF 03 00 3D C0 06 C9 BC 
RECV-iguana:241:(task: B0519500, time: 1975394.58) 49 octets @ 8003C9E4
  [0000]: FF 03 00 3D C0 06 C9 BE 2F 45 00 00 28 69 F3 40 
  [0010]: 00 3F 03 50 E6 CE 41 62 12 D8 20 78 82 20 21 00 
  [0020]: 50 9B 59 37 40 42 85 E0 71 50 10 7D 78 9B 63 00 
  [0030]: 00 
XMIT-iguana:241:(task: B0519500, time: 1975394.74) 49 octets @ 80092C76
  [0000]: FF 03 00 3D C0 09 1D A9 2F 45 00 00 28 CE 48 00 
  [0010]: 00 F5 04 76 90 D8 20 78 82 CE 41 62 12 00 50 20 
  [0020]: 21 42 85 E0 71 9B 59 3A 07 50 10 80 65 95 AF 00 
  [0030]: 00 
RECV-iguana:241:(task: B04E12C0, time: 1975394.84) 18 octets @ 8003BA80
  [0000]: FF 03 00 3D C0 06 C9 C0 2D 0C 97 9C 00 01 00 00 
  [0010]: 02 C7 
XMIT-iguana:241:(task: B04A2B00, time: 1975395.09) 577 octets @ 800A00F6
  [0000]: FF 03 00 3D C0 09 1D AB FD 00 2D 04 C4 D9 0F 8A 
  [0010]: DE D8 53 03 83 C8 85 84 D2 60 F8 78 61 10 1B 8C 
  [0020]: 26 D3 28 F4 45 A3 0E 02 2F 0A 48 22 90 48 99 50 
  [0030]: A8 49 2A 13 08 A3 E2 4C 2E 43 6F A4 36 C4 84 87 
  [0040]: A0 69 37 19 FB A4 37 8C 58 61 87 08 67 3A F3 0F 
  [0050]: 38 20 17 0F 05 FA 7D C4 1B 5C DE 02 F3 0F 85 1E 
  [0060]: 18 8D E6 43 C8 80 C4 67 31 9B F5 41 CB AE 08 C8 
  [0070]: D8 1C ED B9 B7 7C 18 8D 9B C3 42 1C A1 28 E6 C1 
XMIT-iguana:241:(task: B0519500, time: 1975395.30) 437 octets @ 800A3F76
  [0000]: FF 03 00 3D C0 09 1D AD FD 00 2D 04 03 D9 0F 8D 
  [0010]: C3 13 C8 88 94 C4 76 9F 84 39 90 10 C0 22 48 78 
  [0020]: 8B 37 3B DC B5 B1 2A 52 30 86 3E D7 FC 4E 2D 35 
  [0030]: E7 CB 24 EC 89 CC 6B D8 61 CA C2 BB 64 9D E5 8A 
  [0040]: 09 24 E2 81 54 A9 1B D0 B2 50 DA 9A 70 C9 1D 40 
  [0050]: 40 4E 20 CF D0 86 56 93 EF CB 42 84 E9 71 6C C2 
  [0060]: 5D E8 86 1B 12 10 81 34 C7 32 DC FF FA 19 37 2E 
  [0070]: 44 DD 79 7F 7F 61 4E 56 91 31 1B CF 1C 7E 39 C2 
XMIT-iguana:241:(task: B0519500, time: 1975395.30) 178 octets @ 80098716
  [0000]: FF 03 00 3D C0 09 1D AF FD 00 2D 04 03 D9 07 81 
  [0010]: 09 11 B3 F0 EE 7E 4A CF DF B5 46 DF D7 97 E9 24 
  [0020]: 20 CD 0A 2F F1 95 1F BC 70 B0 14 30 19 0B C6 03 
  [0030]: 51 00 C8 64 3A 1A 0D 21 F5 E1 0A 2D 85 4D 4A EF 
  [0040]: 59 4F FF FF FF FF 88 E0 6A 32 87 47 AC A7 FF FF 
  [0050]: FF FF CE 10 97 2C 18 C9 E8 86 48 53 88 11 3C C2 
  [0060]: D7 64 20 82 09 A4 E4 70 37 CF 44 94 CF 90 80 91 
  [0070]: 97 7A A5 BA 43 94 2A 09 4D FF FF FF FF FF FE 8E 
RECV-iguana:241:(task: B04E12C0, time: 1975395.31) 15 octets @ 8003A4F4
  [0000]: FF 03 00 3D C0 06 C9 C2 2D 04 8A DB 00 08 00 
RECV-iguana:241:(task: B0519500, time: 1975395.43) 18 octets @ 8003AE30
  [0000]: FF 03 00 3D C0 06 C9 C4 2D 06 7E DB 00 05 B4 00 
  [0010]: 04 00 
XMIT-iguana:241:(task: B02614C0, time: 1975395.54) 172 octets @ 8007F3F6
  [0000]: FF 03 00 3D C0 09 1D B1 FD 00 2D 04 03 D9 07 AE 
  [0010]: DE 5D 0F 09 49 FF FF FF F9 4F 24 85 09 09 7F 49 
  [0020]: 49 FF FF FF FF 9C 21 2E 59 98 3B 21 84 CF 10 13 
  [0030]: 5A 1C 8C 5A 32 51 5E 42 1C 0C 4C 20 10 09 78 76 
  [0040]: 14 64 A5 BF FF FF FF FF FF 46 52 96 FF FF FE 18 
  [0050]: C6 AF D3 91 E9 29 6F FF F4 1A 8C 61 EF E1 09 FD 
  [0060]: 85 35 29 6F BE 6F 84 A4 FF FF FF FC 87 23 89 08 
  [0070]: 10 94 F4 94 9F FF FF FF F9 C2 12 E5 86 3E 50 6C 
XMIT-iguana:241:(task: B02614C0, time: 1975395.54) 152 octets @ 800A3F76
  [0000]: FF 03 00 3D C0 09 1D B3 FD 00 2D 04 03 D9 07 BC 
  [0010]: DE FC 6F 4C 99 28 FF FF FD 84 3E 72 C2 36 8C 24 
  [0020]: 08 09 04 F2 79 2E 51 BE 66 E3 78 80 6D 46 93 02 
  [0030]: 42 78 94 77 FF FF FF FF FF E8 E6 51 DF FF FF FF 
  [0040]: FF FE 83 71 D4 4E 08 7B F8 42 7F 61 4D 4A 3B FF 
  [0050]: FF FF FF 86 D0 9D 06 D0 94 F4 94 77 FE 70 FD 32 
  [0060]: 04 A2 FF FF FA 10 97 2C 29 EC 8E 19 75 60 E0 65 
  [0070]: 86 A1 FE 7C 04 21 8B AD F8 88 2A 6C 54 DC 84 F9 
XMIT-iguana:241:(task: B04E12C0, time: 1975395.59) 136 octets @ 800A3F76
  [0000]: FF 03 00 3D C0 09 1D B5 FD 00 2D 04 03 D9 07 B7 
  [0010]: 0D D2 9A FF FF FF FF FF FF FF FF FF FF 11 C0 E8 
  [0020]: 60 33 87 BF 84 27 F6 14 D4 A6 BF FF FF FF FC 2A 
  [0030]: 61 FF FF FF FF E5 08 4C E5 84 F3 67 E0 BA DF 91 
  [0040]: BC CC 20 23 9C 8C 37 76 04 1A F0 DC 65 39 C5 E8 
  [0050]: 37 67 42 99 B7 38 1B 04 04 63 91 D7 72 1C E1 58 
  [0060]: 4A 7F FF CA 53 9F FF FF FF FE 63 29 4E 7F FF FF 
  [0070]: 51 3B D7 91 E9 29 CF FF F5 1B 43 DF C2 13 FB 0A 
XMIT-iguana:241:(task: B04E12C0, time: 1975395.59) 136 octets @ 8007F3F6
  [0000]: FF 03 00 3D C0 09 1D B7 FD 00 2D 04 03 D9 07 87 
  [0010]: EB 46 4A 6F FF FF FF FF FE 46 43 18 7D F8 42 7F 
  [0020]: 61 4D 4A 6F FF FF FF FF C3 0A 53 63 FF FF FF FF 
  [0030]: C6 10 97 2C C4 83 71 9C A5 43 79 BF FC 09 84 04 
  [0040]: 88 40 06 C1 3D 34 02 99 94 CB 8E 29 D3 E3 0A 02 
  [0050]: 52 9F FF FF FF FF FF B0 9C 25 28 0C B9 65 4B 3F 
  [0060]: FF FE 46 71 A9 F4 E4 7A 4A 47 FF FD 46 70 F8 F0 
  [0070]: 84 FE C2 9A 94 8F FF FF FF FF 80 E0 68 34 84 A7 
XMIT-iguana:241:(task: B04E12C0, time: 1975395.62) 99 octets @ 800A3C56
  [0000]: FF 03 00 3D C0 09 1D B9 FD 00 2D 04 03 D9 07 83 
  [0010]: 1A B2 92 FF FF FF FF FF FF FF FC 1C 0D 6C CC C2 
  [0020]: 53 CA 52 5F FF FF FF E9 08 47 96 54 AF E8 65 2A 
  [0030]: 10 4C 53 A9 5E 54 A3 FF FF FF FF FF FF FF FF FF 
  [0040]: FF FF F0 71 0F 8F 08 4F EC 29 A9 4B 7F FF FF FF 
  [0050]: F0 E0 66 37 1B 42 53 D2 52 DF FF FF FF E6 38 C0 
  [0060]: 00 70 48 
RECV-iguana:241:(task: B04C7A20, time: 1975395.63) 18 octets @ 8003AB1C
  [0000]: FF 03 00 3D C0 06 C9 C6 2D 06 6C 8F 00 FA 4C 00 
  [0010]: 0C 00 
XMIT-iguana:241:(task: B04E12C0, time: 1975395.71) 152 octets @ 800A3C56
  [0000]: FF 03 00 3D C0 09 1D BB FD 00 2D 04 03 D9 07 A4 
  [0010]: 0A DC AF 49 4C FA 0C E1 F7 E1 0A 2D 85 4D 29 9F 
  [0020]: FF FF FF FE 8F B1 85 21 29 E9 29 9F FF FF FF F3 
  [0030]: 84 25 CB 08 F8 E0 E7 F0 0D D0 FF 08 72 85 F0 95 
  [0040]: 08 68 37 C4 3C 39 E3 4C 50 4A 94 58 27 39 88 08 
  [0050]: E4 53 6E 44 CD 1D D2 15 64 A7 E9 23 7F FF FD 0D 
  [0060]: 05 D3 20 39 44 91 7F FF FF FF FE 38 FE 92 42 F4 
  [0070]: 1A 43 DF C2 13 FB 0A 6A 48 5F FF FF FF FE 03 38 
XMIT-iguana:241:(task: B04E12C0, time: 1975395.71) 130 octets @ 8008C556
  [0000]: FF 03 00 3D C0 09 1D BD FD 00 2D 04 03 D9 07 BB 
  [0010]: C9 92 99 FF FF F4 84 3D CB 31 20 D4 66 20 27 67 
  [0020]: 01 69 66 1C E1 AC 40 45 3C 1A 0D 26 2D 10 69 F8 
  [0030]: 94 EE F2 85 21 29 5F FF FF FF FF FF D9 4A 7F FF 
  [0040]: FF 85 A1 FD 79 1E 92 94 FF FF 51 B4 3D FC 21 3F 
  [0050]: B0 A6 A5 29 FF FF FF FF D6 E9 24 20 42 53 D2 52 
  [0060]: 9F FE D2 91 FF FF F4 84 25 CB 2A 55 F0 38 A9 49 
  [0070]: 52 52 2A 25 49 7F FF FF FF FF FF FF FF FF CF 00 
RECV-iguana:241:(task: B0519500, time: 1975395.73) 18 octets @ 8003C6D0
  [0000]: FF 03 00 3D C0 06 C9 C8 2D 06 5A 43 00 FA 4C 00 
  [0010]: 0C 00 
RECV-iguana:241:(task: B04E2C00, time: 1975395.85) 15 octets @ 8003A1E0
  [0000]: FF 03 00 3D C0 06 C9 CA 2D 04 44 8F 00 0C 00 
RECV-iguana:241:(task: B04E12C0, time: 1975395.91) 18 octets @ 8003D320
  [0000]: FF 03 00 3D C0 06 C9 CC 2D 06 32 43 00 05 B4 00 
  [0010]: 08 00 
XMIT-iguana:241:(task: B04E12C0, time: 1975395.93) 105 octets @ 8009EB16
  [0000]: FF 03 00 3D C0 09 1D BF FD 00 2D 04 03 D9 07 89 
  [0010]: 58 10 87 EE 71 29 CF 81 CC 9A 42 98 98 A7 29 BA 
  [0020]: A6 9F FF FF FF FF FF FF FF FF E9 29 8F FF FF F1 
  [0030]: 1C 43 E3 C2 13 FB 0A 6A 53 1F FF FF FF FC 35 89 
  [0040]: D0 39 84 A7 A4 A6 3F FF FF FF C2 10 9D CB 25 2B 
  [0050]: F3 52 42 A6 1C 32 A9 81 29 8F FF FF FF FF FF FF 
  [0060]: FF FF FF FF F2 C0 00 1C 12 
XMIT-iguana:241:(task: B04E12C0, time: 1975395.93) 100 octets @ 800A3F76
  [0000]: FF 03 00 3D C0 09 1D C1 FD 00 2D 04 03 D9 07 B6 
  [0010]: 81 F2 94 FF FF FF FF FF FF FF FF FF FF FB 90 D1 
  [0020]: 0F 8F 08 4F EC 29 A9 4A 7F FF FF FF F0 E0 73 09 
  [0030]: B2 12 9E 92 94 FF FF FF FF 38 42 5C B2 52 9F 03 
  [0040]: 89 33 12 94 33 C4 A5 3F DE 52 3F FF FF FF FF FF 
  [0050]: FF FF FF FF FF 83 58 7C 78 42 7F 61 4D 4A 47 FD 
  [0060]: 70 00 25 E8 
XMIT-iguana:241:(task: B04E12C0, time: 1975395.93) 96 octets @ 8007F3F6
  [0000]: FF 03 00 3D C0 09 1D C3 FD 00 2D 04 03 D9 07 98 
  [0010]: 10 B1 08 A5 29 FF FF FF FF FF FF FF FE A3 21 8C 
  [0020]: 3E EE A7 8C A5 3F FF FF FF FD 22 A4 47 DC 84 A7 
  [0030]: A4 A5 3F FF FF FF CE 10 97 2C 94 A7 CC 3B 89 4A 
  [0040]: 32 99 25 29 FF FF FF F1 10 5A 52 3F FF FF FF FF 
  [0050]: FF FF FF ED 7B 9F FF 99 48 FF FF FC E0 00 77 47 
XMIT-iguana:241:(task: B04E12C0, time: 1975395.93) 150 octets @ 800935D6
  [0000]: FF 03 00 3D C0 09 1D C5 FD 00 2D 04 03 D9 07 A4 
  [0010]: DD 72 98 FF FF FF FF FF FB 19 DE F7 FF FF FF FF 
  [0020]: FC C6 83 81 98 E6 12 9E 92 98 FF FF FF FF 38 42 
  [0030]: 5C B0 A8 4F 28 14 25 0E 10 4A A4 32 A1 24 9E 4E 
  [0040]: 10 10 C8 25 42 09 30 9E 47 2A 91 6A 5C CA 68 10 
  [0050]: 11 E5 26 1C 8D C7 33 29 E4 4E 73 CD 04 FC C0 52 
  [0060]: 85 61 2A 0F FF FF FF FF FF A9 4E D2 9C FF FF FE 
  [0070]: 18 C6 D3 D3 91 E9 29 CF FF F5 1C 43 DF C2 13 FB 
XMIT-iguana:241:(task: B04E12C0, time: 1975395.93) 132 octets @ 8008FD96
  [0000]: FF 03 00 3D C0 09 1D C7 FD 00 2D 04 03 D9 07 95 
  [0010]: 83 BD CF 69 4D FF FF FF FA 0C E1 F5 E1 0A 2D 85 
  [0020]: 4D 29 BF FF FF FF FD 1C E0 51 9C 25 3D 25 37 FF 
  [0030]: FF FF FE 50 84 CE 59 7B 86 24 A1 0C 8A 4E 2A 60 
  [0040]: C2 71 26 F9 85 4B 42 29 04 A5 29 50 8D 08 A0 D8 
  [0050]: 20 13 55 0C 87 41 0C F6 56 FE 50 AC 25 3F FF FF 
  [0060]: FF FF FF FB 53 7F FF FF FF FF FF 49 0F 97 D0 2A 
  [0070]: 6F FF FF FF FF FE 23 98 4D 92 12 25 39 FF FF FF 
XMIT-iguana:241:(task: B04E12C0, time: 1975395.93) 143 octets @ 80091696
  [0000]: FF 03 00 3D C0 09 1D C9 FD 00 2D 04 03 D9 07 A2 
  [0010]: 50 BC BF 29 4E 7F FF A0 D4 73 0F AF 08 51 6C 2A 
  [0020]: 69 4E 7F FF FF FF F8 48 64 1A C2 53 D2 53 9F FF 
  [0030]: FF FF E9 08 47 96 13 CC 26 B3 61 84 DD FC 08 22 
  [0040]: 7A 99 1B 10 E7 C5 75 A5 4B 18 78 15 31 F2 85 11 
  [0050]: 29 5F FF FF FF FF FF D1 8C A5 7F FF FF FB 91 E5 
  [0060]: 29 2F FF F2 18 8E 86 17 CC FF FF FF FF FF 28 4A 
  [0070]: 83 21 AD 4B BF FF FF FF FC 21 09 9C B3 12 0D A1 
XMIT-iguana:241:(task: B04E12C0, time: 1975395.93) 168 octets @ 80092C76
  [0000]: FF 03 00 3D C0 09 1D CB FD 00 2D 04 03 D9 07 8B 
  [0010]: 15 32 95 FF FF 21 B4 DF 7D 65 2B FF FF FF FE B0 
  [0020]: 84 39 61 04 AA 52 27 94 AE C4 14 C4 05 72 41 3C 
  [0030]: 99 4C 90 A4 45 A6 10 4D C6 94 CA F1 3F 13 89 F9 
  [0040]: 44 A6 45 29 15 A9 AB D2 9C FF FF FF FF FF F9 BB 
  [0050]: 67 FF FF F8 4A 73 FF FF FF FF FF FC E5 33 FF F8 
  [0060]: 32 1B 0D C6 03 49 0D 90 94 F4 94 CF FF DC 88 3F 
  [0070]: D8 9C 45 2B C8 83 FF E2 A5 61 DE 44 1E 12 F2 FF 
XMIT-iguana:241:(task: B04E12C0, time: 1975395.93) 152 octets @ 8008BF16
  [0000]: FF 03 00 3D C0 09 1D CD FD 00 2D 04 03 D9 07 8D 
  [0010]: 95 F2 89 FF FF D1 98 CC 68 33 84 BF A4 A2 7F FF 
  [0020]: FF FF CE 10 97 2C 2A 49 A8 10 13 B3 60 80 AF 0E 
  [0030]: 60 D8 64 16 95 FE A6 3C 28 4A 70 88 A8 67 C4 05 
  [0040]: 3C 30 6D 38 4A 77 E2 48 9F FF FF 62 E1 C8 E7 94 
  [0050]: 49 0F FF FF FF FF FF C8 6F 0F 7F 08 4F EC 29 A9 
  [0060]: 21 FF FF C4 90 3F FF F4 6F 44 60 6F 09 4F 49 20 
  [0070]: 7F FF FF FF 9C 21 2E 58 4C 30 9C 8D 70 CE 24 4D 
RECV-iguana:241:(task: B04E12C0, time: 1975395.93) 15 octets @ 8003A808
  [0000]: FF 03 00 3D C0 06 C9 CE 2D 04 27 F7 00 08 00 
RECV-iguana:241:(task: B04E12C0, time: 1975395.96) 18 octets @ 8003CCF8
  [0000]: FF 03 00 3D C0 06 C9 D0 2D 06 1B F7 00 05 B4 00 
  [0010]: 04 00 
XMIT-iguana:241:(task: B04633E0, time: 1975395.99) 176 octets @ 8008BF16
  [0000]: FF 03 00 3D C0 09 1D CF FD 00 2D 04 03 D9 07 B7 
  [0010]: C1 FC 2F B2 7D 79 ED FF 8E D3 E3 63 EF 10 64 A5 
  [0020]: 32 02 C3 49 CF 0E 1D 0E A7 28 B8 86 4D D7 8C EF 
  [0030]: 01 86 F7 FF CC A1 F2 24 D9 6F 3C 67 E0 6E FF E0 
  [0040]: E7 5B 02 8E 6E BB AB 88 6B CD 77 BC 9C 83 14 74 
  [0050]: 4A 51 6E 8A 88 B0 65 3B 68 C9 63 12 AC B5 4D 1E 
  [0060]: AB 36 7C 65 D9 65 7F FF FF FF 9E DF FD 25 93 FF 
  [0070]: FF FF FF FF FF FF FF FF FE BB FF B9 63 7F FF FF 
XMIT-iguana:241:(task: B04633E0, time: 1975395.99) 151 octets @ 80092C76
  [0000]: FF 03 00 3D C0 09 1D D1 FD 00 2D 00 F1 D9 0F BF 
  [0010]: 57 B6 D3 31 46 E8 90 4B 4F 90 5D 09 EF 1D 2B 09 
  [0020]: 2F E2 AE A8 10 1B CC D4 A4 29 98 6D C8 99 D4 22 
  [0030]: 33 C4 AF 9A 9C 98 B3 22 43 C1 87 69 F3 24 A2 1C 
  [0040]: 3F 27 A8 D4 E7 DE 13 C9 48 90 37 FD 9C AE BA 64 
  [0050]: 98 56 6C 4F C8 47 86 DE 79 70 04 41 10 23 0A 77 
  [0060]: 8B CA B2 96 CA 6D E1 30 C3 F1 23 38 5D F4 A0 80 
  [0070]: 69 85 98 3A 88 9C 39 16 8C 06 58 30 63 8B 06 43 
RECV-iguana:241:(task: B04E12C0, time: 1975396.08) 13 octets @ 8003BD94
  [0000]: FF 03 00 3D C0 06 C9 D2 2D 04 0F 08 EF 
XMIT-iguana:241:(task: B0519500, time: 1975396.51) 15 octets @ 8009D536
  [0000]: FF 03 00 3D C0 09 1D D3 2D 2C F8 36 01 EF 02 
RECV-iguana:241:(task: B04A2B00, time: 1975397.40) 8 octets @ 8003C0A8
  [0000]: FF 03 00 3D C0 06 C9 D4 
XMIT-iguana:241:(task: B04E12C0, time: 1975398.05) 8 octets @ 8008BF16
  [0000]: FF 03 00 3D C0 09 1D D5 
RECV-iguana:241:(task: B04E12C0, time: 1975399.40) 8 octets @ 8003B458
  [0000]: FF 03 00 3D C0 06 C9 D6 
XMIT-iguana:241:(task: B04E12C0, time: 1975400.06) 8 octets @ 8008EDF6
  [0000]: FF 03 00 3D C0 09 1D D7 
RECV-iguana:241:(task: B02614C0, time: 1975401.30) 93 octets @ 8003D00C
  [0000]: FF 03 00 3D C0 06 C9 D8 21 45 00 00 54 6A 09 00 
  [0010]: 00 3F 01 AE 44 CE 41 62 12 CC FC 66 0B 08 00 16 
  [0020]: 5E 54 04 61 0A 08 2A B6 36 80 2F 03 00 08 09 0A 
  [0030]: 0B 0C 0D 0E 0F 10 11 12 13 14 15 16 17 18 19 1A 
  [0040]: 1B 1C 1D 1E 1F 20 21 22 23 24 25 26 27 28 29 2A 
  [0050]: 2B 2C 2D 2E 2F 30 31 32 33 34 35 36 37 
XMIT-iguana:241:(task: B02614C0, time: 1975401.47) 93 octets @ 80091696
  [0000]: FF 03 00 3D C0 09 1D D9 21 45 00 00 54 8F B4 40 
  [0010]: 00 FD 01 8A 98 CC FC 66 0B CE 41 62 12 00 00 1E 
  [0020]: 5E 54 04 61 0A 08 2A B6 36 80 2F 03 00 08 09 0A 
  [0030]: 0B 0C 0D 0E 0F 10 11 12 13 14 15 16 17 18 19 1A 
  [0040]: 1B 1C 1D 1E 1F 20 21 22 23 24 25 26 27 28 29 2A 
  [0050]: 2B 2C 2D 2E 2F 30 31 32 33 34 35 36 37 
RECV-iguana:241:(task: B02614C0, time: 1975402.40) 8 octets @ 8003D948
  [0000]: FF 03 00 3D C0 06 C9 DA 
XMIT-iguana:241:(task: B04E12C0, time: 1975403.05) 8 octets @ 8008E7B6
  [0000]: FF 03 00 3D C0 09 1D DB 
RECV-iguana:241:(task: B04E12C0, time: 1975404.40) 8 octets @ 8003B76C
  [0000]: FF 03 00 3D C0 06 C9 DC 
XMIT-iguana:241:(task: B04BC600, time: 1975405.11) 8 octets @ 8008BBF6
  [0000]: FF 03 00 3D C0 09 1D DD 
RECV-iguana:241:(task: B02614C0, time: 1975406.40) 8 octets @ 8003DC5C
  [0000]: FF 03 00 3D C0 06 C9 DE 
XMIT-iguana:241:(task: B04E2C00, time: 1975407.17) 8 octets @ 800886D6
  [0000]: FF 03 00 3D C0 09 1D DF 
RECV-iguana:241:(task: B04E12C0, time: 1975408.31) 49 octets @ 8003D634
  [0000]: FF 03 00 3D C0 06 C9 E0 2F 45 00 00 28 6A 0B 40 
  [0010]: 00 3F 02 50 C8 CE 41 62 12 D8 20 78 88 20 22 00 
  [0020]: 50 D0 E3 6B 6D 26 D9 AD C1 50 10 7D 78 80 01 00 
  [0030]: 00 
XMIT-iguana:241:(task: B02614C0, time: 1975408.66) 49 octets @ 800A1096
  [0000]: FF 03 00 3D C0 09 1D E1 2F 45 00 00 28 F0 25 00 
  [0010]: 00 76 03 D3 AD D8 20 78 88 CE 41 62 12 00 50 20 
  [0020]: 22 26 D9 AD C1 D0 E3 6D 98 50 10 42 45 B9 09 00 
  [0030]: 00 
RECV-iguana:241:(task: B0519500, time: 1975409.41) 8 octets @ 8003C3BC
  [0000]: FF 03 00 3D C0 06 C9 E2 
XMIT-iguana:241:(task: B04E12C0, time: 1975409.73) 771 octets @ 8008C556
  [0000]: FF 03 00 3D C0 09 1D E3 FD 00 2D 05 BA D9 1F B0 
  [0010]: 45 80 00 08 00 1A 0A 1E 12 0A 84 D2 60 FB 0C 11 
  [0020]: 48 24 4C 30 6D 32 9D 0C 22 03 41 D0 E8 70 16 99 
  [0030]: 4E 27 53 49 D8 7A 22 22 9E 0E 06 93 91 94 E6 22 
  [0040]: 10 18 CD E6 E3 A1 97 06 64 82 6E 24 16 08 06 03 
  [0050]: 11 01 18 CA 62 10 0C 47 38 13 1A 0C 86 43 A1 98 
  [0060]: C4 74 32 C9 84 72 69 50 45 C4 0A 84 92 A1 30 8A 
  [0070]: 3E 32 90 8C 27 91 01 A7 66 1B 44 03 61 88 E0 66 
RECV-iguana:241:(task: B02614C0, time: 1975409.77) 18 octets @ 8003B144
  [0000]: FF 03 00 3D C0 06 C9 E4 2D 06 78 22 00 FA 4C 00 
  [0010]: 0A FE 
XMIT-iguana:241:(task: B0519500, time: 1975409.82) 449 octets @ 800999D6
  [0000]: FF 03 00 3D C0 09 1D E5 FD 00 2D 05 BA D9 17 9A 
  [0010]: C8 60 03 08 07 43 D2 D9 D9 17 FD F7 FD 8A 27 5B 
  [0020]: 29 47 48 64 7F D0 C6 18 9F FF EE 23 B0 A8 66 86 
  [0030]: 1D 37 F7 CD FD 0C 4C F3 78 EE FD 2C 86 48 5F C2 
  [0040]: 40 FC 63 8F 20 33 90 3F A0 B7 22 8B CC B3 F2 0F 
  [0050]: 24 92 99 04 A0 49 17 19 26 78 0F E7 F0 5E 0C 8E 
  [0060]: EA 73 13 43 60 A8 68 3D A8 67 87 84 14 42 0D E6 
  [0070]: 94 48 68 84 8A 7D 44 7B 4E EF FF F1 1C CA 74 EE 
RECV-iguana:241:(task: B0519500, time: 1975409.97) 18 octets @ 8003C9E4
  [0000]: FF 03 00 3D C0 06 C9 E6 2D 06 66 9C 00 FA 4C 00 
  [0010]: 0B 68 
XMIT-iguana:241:(task: B04E12C0, time: 1975410.03) 364 octets @ 800883B6
  [0000]: FF 03 00 3D C0 09 1D E7 FD 00 2D 05 BA D9 17 F2 
  [0010]: 80 01 B6 C5 84 36 7F FF FF DC 51 D9 0E 27 5B F8 
  [0020]: 90 AE 3C 84 21 A8 60 3B 16 42 5F FE FA 0B 2B E7 
  [0030]: 1F 9D CA FB E5 3F 69 95 91 58 A2 43 FF 66 43 79 
  [0040]: D0 BE 63 84 D1 47 92 24 39 C2 F1 C5 07 69 05 A6 
  [0050]: 3A 32 A3 4C 59 3A 4E 11 0C 3D 7F 55 03 DC AE 43 
  [0060]: 22 86 3D 25 7F 59 6D 7C 94 E7 44 44 21 88 17 B6 
  [0070]: C3 CA 1C 74 A1 FC 46 9A 02 A8 8C 68 BC 26 D3 4D 
XMIT-iguana:241:(task: B04E12C0, time: 1975410.03) 802 octets @ 8008BF16
  [0000]: FF 03 00 3D C0 09 1D E9 FD 00 2D 05 50 D9 17 8F 
  [0010]: 03 75 BA 7B 5B BC F5 8F EF A0 D2 42 97 1F 33 46 
  [0020]: 06 CE B5 A2 C9 6D 11 54 32 A1 10 8A 53 EC B0 A7 
  [0030]: 2A B4 11 23 EB E5 8F 34 4C 79 3C 61 9B F3 88 21 
  [0040]: 9B C0 AC 99 90 0D F3 1C 22 84 43 E5 C7 05 48 C0 
  [0050]: D0 DA 0D E6 B8 98 44 D2 49 38 A8 21 C0 82 02 55 
  [0060]: 46 08 BE A6 13 5C 5B 18 D5 19 C8 C3 18 CD A2 3B 
  [0070]: 5F 26 21 4C 40 43 79 DC 5C 0D 05 14 C8 A4 59 40 
XMIT-iguana:241:(task: B04C7A20, time: 1975410.21) 703 octets @ 8008BF16
  [0000]: FF 03 00 3D C0 09 1D EB FD 00 2D 05 BA D9 17 BD 
  [0010]: 17 20 00 08 03 2F B4 EF 21 0F FF 79 E0 E3 95 37 
  [0020]: C4 22 3A 48 09 9E DD 84 6B C3 77 E7 23 70 0F EA 
  [0030]: 44 FA 29 AF D0 DB F1 8F 37 98 8B 56 1E 0E 91 06 
  [0040]: 23 CD 82 28 69 6E 38 9B 5F 0C B1 44 2D 43 C4 4F 
  [0050]: 08 44 91 2F 86 D1 B4 61 71 E5 C3 F4 FF D0 BD B8 
  [0060]: FE 19 0B 8B E0 32 8D A3 C5 FD 9F 87 AE 26 CA 18 
  [0070]: 6A 42 79 21 8F A9 3E 34 52 A1 5C 1B CE 18 D2 44 
XMIT-iguana:241:(task: B04C7A20, time: 1975410.21) 666 octets @ 80092C76
  [0000]: FF 03 00 3D C0 09 1D ED FD 00 2D 05 BA D9 17 B3 
  [0010]: 80 40 03 B8 02 C1 3E 30 9D 64 7E 0B 64 7F D6 0F 
  [0020]: EE 71 19 E0 E1 0E 6D CF E4 4E AC FD 19 62 C3 C4 
  [0030]: F1 D2 0C E9 03 78 B2 29 4C 56 49 12 5A 57 D6 43 
  [0040]: B8 C4 91 EE A2 64 19 E7 76 6B AA 0B 02 C9 55 51 
  [0050]: 4B 0E 50 A4 31 84 73 F2 52 76 A4 30 C4 B8 88 25 
  [0060]: 0A F3 46 46 2C 32 F3 58 65 1C C2 28 59 D1 26 7C 
  [0070]: 61 09 38 D0 FF 62 3D 77 C3 74 CF ED 68 64 8A 79 
RECV-iguana:241:(task: B04E12C0, time: 1975410.25) 18 octets @ 8003BA80
  [0000]: FF 03 00 3D C0 06 C9 E8 2D 06 58 27 00 FA 4C 00 
  [0010]: 08 C1 
RECV-iguana:241:(task: B04A2B00, time: 1975410.32) 49 octets @ 8003A4F4
  [0000]: FF 03 00 3D C0 06 C9 EA 21 45 00 00 28 6A 14 00 
  [0010]: 00 3F 06 96 1D CE 41 62 12 CC 47 7F 03 20 16 00 
  [0020]: 50 CF BC D3 F2 26 D5 43 13 50 11 7F B8 86 7E 00 
  [0030]: 00 
XMIT-iguana:241:(task: B02614C0, time: 1975410.40) 154 octets @ 8009AFB6
  [0000]: FF 03 00 3D C0 09 1D EF FD 00 21 00 AC D9 99 A0 
  [0010]: 00 56 34 81 E4 00 03 F4 22 47 6F 33 1F 86 60 14 
  [0020]: CD 30 6A 05 73 00 13 0F C7 29 B4 6A 81 40 00 00 
  [0030]: 38 24 05 82 00 73 70 40 E6 88 72 1E 62 40 00 0F 
  [0040]: F2 ED CC CA C0 06 67 F0 00 04 E3 00 44 E0 B8 C2 
  [0050]: EF 03 92 22 48 49 78 2A 16 74 3B B6 37 48 B0 1C 
  [0060]: 00 05 81 27 B0 14 C6 20 32 61 38 88 C0 1C B0 06 
  [0070]: 39 7F 10 88 17 5C 13 67 D2 01 67 EE 14 09 04 10 
RECV-iguana:241:(task: B04E12C0, time: 1975410.42) 49 octets @ 8003AE30
  [0000]: FF 03 00 3D C0 06 C9 EC 21 45 00 00 28 6A 16 00 
  [0010]: 00 3F 06 90 BD CE 41 62 12 D8 20 78 88 20 22 00 
  [0020]: 50 D0 E3 6D 98 26 D9 E4 8C 50 11 7D 78 47 0A 00 
  [0030]: 00 
XMIT-iguana:241:(task: B02614C0, time: 1975410.60) 20 octets @ 80092C76
  [0000]: FF 03 00 3D C0 09 1D F1 2D 6C 03 82 3D 01 00 08 
  [0010]: C1 00 FB 02 
RECV-iguana:241:(task: B04E12C0, time: 1975410.64) 53 octets @ 8003AB1C
  [0000]: FF 03 00 3D C0 06 C9 EE 21 45 00 00 2C 6A 18 00 
  [0010]: 00 3F 06 B7 30 CE 41 62 12 CF 0D 5B 22 20 24 00 
  [0020]: 50 BD 8E A4 24 00 00 00 00 60 02 02 00 B9 7B 00 
  [0030]: 00 02 04 05 B4 
XMIT-iguana:241:(task: B04E12C0, time: 1975410.70) 53 octets @ 8008DB36
  [0000]: FF 03 00 3D C0 09 1D F3 21 45 00 00 2C 3B A6 00 
  [0010]: 00 35 06 1B B5 9C 2E 61 EF CE 41 62 12 00 50 20 
  [0020]: 23 D6 DD F9 C1 83 43 D8 A0 60 12 7F E0 9C CD 00 
  [0030]: 00 02 04 05 B4 
RECV-iguana:241:(task: B04C3640, time: 1975410.77) 345 octets @ 8003C6D0
  [0000]: FF 03 00 3D C0 06 C9 F0 FD 00 2D 01 8B 01 08 21 
  [0010]: 90 A4 72 29 50 40 2F 31 99 CD 22 D3 11 A4 DC 2F 
  [0020]: 34 1B CD C6 53 99 D0 F2 2D 31 9B CE A6 E3 A1 94 
  [0030]: E4 2E CC 23 F3 21 98 7A 36 18 8E 06 63 21 A8 C0 
  [0040]: 64 20 24 15 0A 85 01 78 C4 5C 30 06 82 8A 46 53 
  [0050]: 36 80 C1 03 A1 01 A0 E8 74 38 0E 85 FC 28 5C 65 
  [0060]: 31 18 4F 3B 30 DE 6D 17 98 4E FC 23 20 0B CC A4 
  [0070]: 2C 80 49 29 90 4A 04 91 71 90 D8 6C 1F 95 8D 26 
RECV-iguana:241:(task: B02614C0, time: 1975410.79) 68 octets @ 8003A1E0
  [0000]: FF 03 00 3D C0 06 C9 F2 FD 00 2D 01 7D 01 08 32 
  [0010]: 13 B1 8B C3 F1 DF A6 43 AC 88 8A 2F 8A 70 72 84 
  [0020]: 91 15 40 D7 0D D3 FC 7F 48 BD FF FF FF FF FF FF 
  [0030]: C4 75 88 7C 91 7E 23 E0 1B 22 FB FF FF FF FF FF 
  [0040]: E3 80 F8 15 
XMIT-iguana:241:(task: B02614C0, time: 1975410.90) 49 octets @ 80085E36
  [0000]: FF 03 00 3D C0 09 1D F5 2F 45 00 00 28 62 FC 40 
  [0010]: 00 37 02 86 50 CF 0D 5B 22 CE 41 62 12 00 50 20 
  [0020]: 24 76 04 4F D4 BD 8E A5 9F 50 10 44 70 C7 65 00 
  [0030]: 00 
XMIT-iguana:241:(task: B02614C0, time: 1975411.21) 1237 octets @ 80080CF6
  [0000]: FF 03 00 3D C0 09 1D F7 FD 00 2D 05 B9 D9 30 00 
  [0010]: 97 4E 90 15 F5 C2 A1 40 5E 31 17 0C 44 03 21 80 
  [0020]: C0 40 4F 25 83 41 44 4A EB 06 51 D5 65 49 2A 43 
  [0030]: 0C B0 46 9A 0B 3E A4 73 9F 06 43 A1 98 CC 74 30 
  [0040]: 1B 88 08 E4 D2 A6 94 B4 51 3E 14 E5 A7 08 32 D7 
  [0050]: 2C 2E 19 78 08 C8 5C 35 CB 04 C3 0C 68 C1 6E E8 
  [0060]: 92 A0 66 34 CF F8 CE 84 69 66 1C 40 65 BB 09 52 
  [0070]: 26 38 9A 31 1B 0E 86 23 7C 19 D6 38 99 17 72 62 
RECV-iguana:241:(task: B02614C0, time: 1975411.59) 15 octets @ 8003D320
  [0000]: FF 03 00 3D C0 06 C9 F4 2D 04 80 A9 00 0B 68 
RECV-iguana:241:(task: B04E12C0, time: 1975411.82) 49 octets @ 8003A808
  [0000]: FF 03 00 3D C0 06 C9 F6 21 45 00 00 28 6A 20 00 
  [0010]: 00 3F 06 E3 3E CE 41 62 12 9C 2E 61 EF 20 23 00 
  [0020]: 50 83 43 DA 28 D6 DD FC 30 50 11 7D 78 B2 FB 00 
  [0030]: 00 
XMIT-iguana:241:(task: B04E12C0, time: 1975411.95) 1473 octets @ 8009D536
  [0000]: FF 03 00 3D C0 09 1D F9 2D 2F 58 D8 0B 59 19 58 
  [0010]: E1 3D BA D1 72 9C DA B8 F5 81 0C 22 57 7D A0 FB 
  [0020]: 66 92 58 00 8F 7A 36 E5 1E D4 5C 9E 77 71 64 82 
  [0030]: 28 C2 EF 76 E4 67 85 E9 4D 6B 60 AD 18 0D 95 63 
  [0040]: C3 62 8B 82 A8 FA 83 C1 0A 3E D6 94 82 3F D9 A4 
  [0050]: 86 15 78 DD DB 80 BE 83 AD 17 76 1F 3C B9 6F 61 
  [0060]: F1 C5 1E D3 24 4C 48 5E A3 18 22 96 69 95 D3 83 
  [0070]: 9F A7 F5 A5 B9 3A CA 57 7D 0A C5 71 E9 8A CB BE 
XMIT-iguana:241:(task: B04E12C0, time: 1975411.95) 1472 octets @ 8009C276
  [0000]: FF 03 00 3D C0 09 1D FB 2D 0F F5 A4 71 53 7B 17 
  [0010]: 62 59 A3 C2 A9 03 8C 62 A4 B4 71 92 A4 75 AC DE 
  [0020]: B1 21 EB 03 42 71 BE 20 C3 F8 7A D5 63 F4 AE DA 
  [0030]: 6E F1 39 E1 B5 86 F3 E9 4A 0F 27 3D 2B 43 41 33 
  [0040]: B4 74 A4 C8 FC 69 8C 6E 7E A2 9D 9F 6C D0 30 CF 
  [0050]: B5 1D 0F 4A 04 03 D4 52 8C F7 14 08 7A 46 EF F7 
  [0060]: 57 8A 93 EC D2 7B 1F C6 B3 75 23 17 62 1C D2 64 
  [0070]: 65 59 4E 08 14 83 83 56 9D D5 D1 5B 8B D0 F4 A3 
XMIT-iguana:241:(task: B04E12C0, time: 1975411.95) 49 octets @ 8009BC36
  [0000]: FF 03 00 3D C0 09 1D FD 21 45 00 00 28 3C 01 00 
  [0010]: 00 35 06 1B 5E 9C 2E 61 EF CE 41 62 12 00 50 20 
  [0020]: 23 D6 DD FC 2F 83 43 DA 28 50 11 7F E0 B0 94 00 
  [0030]: 00 
XMIT-iguana:241:(task: B04E12C0, time: 1975411.95) 1472 octets @ 80092C76
  [0000]: FF 03 00 3D C0 09 1D FF 2D 0F 53 23 B1 0F 1D CF 
  [0010]: AD 6D 16 EA 4E E6 54 EF 7B A1 D1 20 44 F7 35 A7 
  [0020]: 65 30 74 11 B1 C3 2F 4E 7A D5 A6 94 EC 7A 8E 16 
  [0030]: A6 AC 4C 47 34 D2 2B 63 24 26 05 18 A4 55 C3 1D 
  [0040]: 69 36 F3 93 40 5C 4D BE F4 9B 7A 73 4C 77 02 A7 
  [0050]: 03 A6 28 00 92 33 40 EE 1B 4D 1B 7D CE 28 0B 81 
  [0060]: 1E F5 47 54 18 48 7E AD FD 2A 59 9D 47 EE 99 D4 
  [0070]: 54 1C A1 52 44 32 EA 07 52 68 2A 3B A3 66 15 DA 
XMIT-iguana:241:(task: B04E12C0, time: 1975411.95) 21 octets @ 8008DB36
  [0000]: FF 03 00 3D C0 09 1E 01 2D 6E 01 B0 94 00 FF FF 
  [0010]: 01 00 02 6E 3F 
RECV-iguana:241:(task: B04E12C0, time: 1975412.09) 15 octets @ 8003CCF8
  [0000]: FF 03 00 3D C0 06 C9 F8 2D 04 64 25 00 0B 68 
XMIT-iguana:241:(task: B02614C0, time: 1975412.20) 1472 octets @ 8008DB36
  [0000]: FF 03 00 3D C0 09 1E 03 2D 0F 5F AC 59 22 F1 47 
  [0010]: 18 A0 41 DB D0 7A FF 00 9F F3 F8 D5 1D 53 FE 3D 
  [0020]: 57 A7 DF 1F C8 D4 BD 85 2F 85 99 34 56 67 30 55 
  [0030]: 8B 31 99 0F D2 82 E9 FC 48 D4 8F E5 E8 78 CD 58 
  [0040]: 43 E9 8C 7F 9F F3 FF 00 D6 AD 11 D5 31 E0 FA 8E 
  [0050]: 4F F9 FF 00 3F E3 4A 29 99 07 14 9D 7B D0 02 01 
  [0060]: 86 E4 73 4B 9C 75 EF FE 7F CF F8 50 04 17 30 79 
  [0070]: 85 58 12 BC E1 BD C5 4E 87 08 A3 D2 92 49 5E C5 
XMIT-iguana:241:(task: B04E12C0, time: 1975412.40) 1472 octets @ 8008DB36
  [0000]: FF 03 00 3D C0 09 1E 05 2D 0F 88 A3 75 CF 23 9F 
  [0010]: D7 FC FF 00 9C E6 81 DB 9F F3 FE 7F CE 29 80 BD 
  [0020]: F9 27 FC FF 00 9F F3 D2 97 00 7F 9F F3 FE 7F 3A 
  [0030]: 09 21 4F F8 F8 6C F3 C1 FE 94 B7 00 08 B3 EF FE 
  [0040]: 7F CF FF 00 AA B2 97 C0 CD 3E D2 2A 75 3D 2B 46 
  [0050]: 35 DB 02 0E 3A 7F 9F F3 FD 2B 3A 1D 47 57 64 18 
  [0060]: C1 C7 F9 FF 00 3F E7 D2 90 8F 42 41 FF 00 3F E7 
  [0070]: FF 00 AF 5D 06 48 69 EF CE 47 6F F3 FE 7F 2A 31 
RECV-iguana:241:(task: B04A2B00, time: 1975412.47) 15 octets @ 8003BD94
  [0000]: FF 03 00 3D C0 06 C9 FA 2D 04 52 F8 00 0B 79 
XMIT-iguana:241:(task: B04E2C00, time: 1975414.17) 8 octets @ 8008BF16
  [0000]: FF 03 00 3D C0 09 1E 07 
RECV-iguana:241:(task: B02614C0, time: 1975414.41) 8 octets @ 8003C0A8
  [0000]: FF 03 00 3D C0 06 C9 FC 
XMIT-iguana:241:(task: B02614C0, time: 1975415.16) 8 octets @ 8009D536
  [0000]: FF 03 00 3D C0 09 1E 09 
RECV-iguana:241:(task: B02614C0, time: 1975416.41) 8 octets @ 8003B458
  [0000]: FF 03 00 3D C0 06 C9 FE 
XMIT-iguana:241:(task: B02614C0, time: 1975417.15) 8 octets @ 80080CF6
  [0000]: FF 03 00 3D C0 09 1E 0B 
RECV-iguana:241:(task: B02614C0, time: 1975418.41) 8 octets @ 8003D00C
  [0000]: FF 03 00 3D C0 06 CA 00 
XMIT-iguana:241:(task: B04E12C0, time: 1975419.18) 8 octets @ 80096E16
  [0000]: FF 03 00 3D C0 09 1E 0D 
RECV-iguana:241:(task: B04E12C0, time: 1975420.41) 8 octets @ 8003D948
  [0000]: FF 03 00 3D C0 06 CA 02 
XMIT-iguana:241:(task: B04E12C0, time: 1975421.23) 8 octets @ 8008FD96
  [0000]: FF 03 00 3D C0 09 1E 0F 
RECV-iguana:241:(task: B02614C0, time: 1975422.40) 49 octets @ 8003B76C
  [0000]: FF 03 00 3D C0 06 CA 04 21 45 00 00 28 6A 25 00 
  [0010]: 00 3F 06 B7 27 CE 41 62 12 CF 0D 5B 22 20 24 00 
  [0020]: 50 BD 8E A5 9F 76 04 90 ED 50 11 7D 78 4D 43 00 
  [0030]: 00 
XMIT-iguana:241:(task: B02614C0, time: 1975423.20) 8 octets @ 800999D6
  [0000]: FF 03 00 3D C0 09 1E 11 
RECV-iguana:241:(task: B04E12C0, time: 1975423.41) 8 octets @ 8003DC5C
  [0000]: FF 03 00 3D C0 06 CA 06 
XMIT-iguana:241:(task: B04E12C0, time: 1975425.20) 8 octets @ 8008C556
  [0000]: FF 03 00 3D C0 09 1E 13 
RECV-iguana:241:(task: B04E12C0, time: 1975425.41) 8 octets @ 8003D634
  [0000]: FF 03 00 3D C0 06 CA 08 
XMIT-iguana:241:(task: B02614C0, time: 1975427.26) 8 octets @ 800806B6
  [0000]: FF 03 00 3D C0 09 1E 15 
RECV-iguana:241:(task: B02614C0, time: 1975427.41) 8 octets @ 8003C3BC
  [0000]: FF 03 00 3D C0 06 CA 0A 
XMIT-iguana:241:(task: B02614C0, time: 1975429.21) 8 octets @ 80080CF6
  [0000]: FF 03 00 3D C0 09 1E 17 
RECV-iguana:241:(task: B02614C0, time: 1975429.41) 8 octets @ 8003B144
  [0000]: FF 03 00 3D C0 06 CA 0C 
XMIT-iguana:241:(task: B02614C0, time: 1975431.24) 8 octets @ 80094576
  [0000]: FF 03 00 3D C0 09 1E 19 
RECV-iguana:241:(task: B04E12C0, time: 1975431.37) 49 octets @ 8003C9E4
  [0000]: FF 03 00 3D C0 06 CA 0E 2F 45 00 00 28 6A 27 40 
  [0010]: 00 3F 01 50 AC CE 41 62 12 D8 20 78 88 20 25 00 
  [0020]: 50 FE DE CC EF 2C B8 0F 21 50 10 7D 78 89 42 00 
  [0030]: 00 
XMIT-iguana:241:(task: B02614C0, time: 1975431.55) 155 octets @ 80098A36
  [0000]: FF 03 00 3D C0 09 1E 1B 2F 45 00 00 92 20 23 00 
  [0010]: 00 76 00 A3 46 D8 20 78 88 CE 41 62 12 00 50 20 
  [0020]: 25 2C B8 0F 21 FE DE CF 1A 50 18 20 0D 39 2B 00 
  [0030]: 00 48 54 54 50 2F 31 2E 30 20 32 30 30 20 4F 4B 
  [0040]: 0D 0A 53 65 72 76 65 72 3A 20 4D 69 63 72 6F 73 
  [0050]: 6F 66 74 2D 49 49 53 2F 33 2E 30 0D 0A 44 61 74 
  [0060]: 65 3A 20 4D 6F 6E 2C 20 30 31 20 46 65 62 20 31 
  [0070]: 39 39 39 20 32 32 3A 32 36 3A 34 33 20 47 4D 54 
RECV-iguana:241:(task: B02614C0, time: 1975431.58) 16 octets @ 8003BA80
  [0000]: FF 03 00 3D C0 06 CA 10 2D 0C 86 AD 6A 00 02 2B 
XMIT-iguana:241:(task: B02614C0, time: 1975431.67) 456 octets @ 80091056
  [0000]: FF 03 00 3D C0 09 1E 1D FD 00 2D 05 50 D9 8E 60 
  [0010]: 6C AD D2 74 97 EB 27 70 D3 08 E2 1B 5D D7 B9 06 
  [0020]: 4F 61 C1 FE 91 F6 F2 99 B9 9E 22 44 68 0A 99 FA 
  [0030]: D6 38 A9 0F A0 C2 20 DE 32 15 AA E1 E2 22 11 D6 
  [0040]: FC 21 E0 5F A9 13 0C 89 7E 42 F4 A5 70 6E 1E F5 
  [0050]: 37 6D EB 13 2F 4B 02 1C 1F 08 91 51 24 AB 92 0F 
  [0060]: AB F1 FF 1A 12 19 3E 90 C8 DF BF FF CD A6 8F BF 
  [0070]: D9 26 D3 90 8E D3 BE 1E 8F F1 89 7F 62 08 97 74 
XMIT-iguana:241:(task: B02614C0, time: 1975431.74) 63 octets @ 80091056
  [0000]: FF 03 00 3D C0 09 1E 1F FD 00 2D 00 70 D9 17 96 
  [0010]: 86 40 00 08 02 28 FF FF 14 87 88 F1 8D 0E 84 19 
  [0020]: 90 92 DA 04 C7 5B 0F 3E F0 7A 63 8E D1 64 B2 3B 
  [0030]: AE 34 20 18 7E 46 F6 8A B7 C5 D9 F3 00 A8 1F 
XMIT-iguana:241:(task: B02614C0, time: 1975431.89) 398 octets @ 80098A36
  [0000]: FF 03 00 3D C0 09 1E 21 FD 00 2D 05 BA D9 17 92 
  [0010]: 53 76 2A 63 82 CD CF D2 3D 1F EF 95 F3 A3 AF FF 
  [0020]: FF FF FF FF FD 72 89 9E 71 D0 DE 70 D6 32 9D F4 
  [0030]: 24 4C B9 EF 1A B2 22 3E DB FF 29 6C E6 FF D2 5C 
  [0040]: DE 94 91 F3 8C DD 9F 07 56 5F FA F8 19 4F AF 31 
  [0050]: 46 6F FF FF AF 17 D4 84 91 88 C8 65 47 0F FF FF 
  [0060]: FF FF FF 08 75 11 F0 A2 12 D1 C3 A3 7F 92 87 FF 
  [0070]: FF FF FF FF FF FF 1C F7 9C A1 BF E0 A1 08 C0 DA 
RECV-iguana:241:(task: B02614C0, time: 1975431.92) 15 octets @ 8003A4F4
  [0000]: FF 03 00 3D C0 06 CA 12 2D 04 75 91 00 0B D2 
RECV-iguana:241:(task: B02614C0, time: 1975432.11) 15 octets @ 8003AE30
  [0000]: FF 03 00 3D C0 06 CA 14 2D 04 6A 93 00 05 4A 
RECV-iguana:241:(task: B04C7A20, time: 1975432.23) 71 octets @ 8003AB1C
  [0000]: FF 03 00 3D C0 06 CA 16 21 45 00 00 3E 6A 2F 00 
  [0010]: 00 3F 11 AE 2D CE 41 62 12 CC FC 66 02 05 E8 00 
  [0020]: 35 00 2A B9 30 C5 F1 01 00 00 01 00 00 00 00 00 
  [0030]: 00 03 77 77 77 08 63 73 6F 6E 6C 69 6E 65 03 6E 
  [0040]: 65 74 00 00 01 00 01 
RECV-iguana:241:(task: B02614C0, time: 1975432.28) 49 octets @ 8003C6D0
  [0000]: FF 03 00 3D C0 06 CA 18 21 45 00 00 28 6A 31 00 
  [0010]: 00 3F 06 96 00 CE 41 62 12 CC 47 7F 03 20 18 00 
  [0020]: 50 96 21 D4 06 22 9D 32 74 50 11 7F B8 D4 DA 00 
  [0030]: 00 
XMIT-iguana:241:(task: B02614C0, time: 1975432.30) 608 octets @ 800806B6
  [0000]: FF 03 00 3D C0 09 1E 23 FD 00 2D 05 BA D9 17 8E 
  [0010]: 85 60 03 B0 02 15 38 3E 24 42 87 78 49 B4 DB C4 
  [0020]: 27 12 44 13 2C E6 D2 88 A4 9F 52 21 A3 B7 A6 3B 
  [0030]: D7 1B EF 56 FF 0C 4F 94 F0 9E 21 1A 23 12 51 C8 
  [0040]: D0 D1 49 3A DE 18 72 1D C6 15 9E 09 85 62 06 61 
  [0050]: 53 44 34 0C 2A 32 C2 C3 3C 2D 72 77 0A 0D 70 B0 
  [0060]: DA 3C 3D 21 DF 01 14 34 3C E4 3D FE C7 89 0F 55 
  [0070]: 6E 63 98 D6 03 88 44 92 26 30 84 EF 85 85 7F FF 
XMIT-iguana:241:(task: B02614C0, time: 1975432.30) 742 octets @ 8009EB16
  [0000]: FF 03 00 3D C0 09 1E 25 FD 00 2D 05 BA D9 17 A2 
  [0010]: 03 B5 BA 61 02 42 32 87 13 3D 50 F2 0A 84 9D 0E 
  [0020]: 6F 18 8A 92 95 CE 4F B6 E1 85 9D C0 2C A4 1C 31 
  [0030]: A4 38 5F D8 63 E7 07 49 CD B2 27 6F 37 9A 1D 84 
  [0040]: 73 EF 22 2F C6 53 44 39 C8 91 92 08 4D DA C2 2B 
  [0050]: 4F F8 88 23 83 3E E6 E5 CA 9F EA 27 DE 19 7A 18 
  [0060]: 94 99 F6 31 DB A7 C9 5D 18 E4 EA 70 8C DB 72 C3 
  [0070]: BA 6B F2 12 FE 10 AD 78 EC A1 89 5B 10 B0 0A 90 
XMIT-iguana:241:(task: B02614C0, time: 1975432.30) 562 octets @ 800935D6
  [0000]: FF 03 00 3D C0 09 1E 27 FD 00 21 04 66 D9 22 80 
  [0010]: 00 86 61 23 4C 00 00 3A 81 93 6C 26 C0 80 F0 88 
  [0020]: 67 10 4C 41 20 01 40 40 25 16 2E 08 4D F7 F3 79 
  [0030]: 9E 1A 28 06 44 00 D2 2B 8F 40 7A FE A6 CC 9C E1 
  [0040]: 44 4D 64 F6 71 3B 1E 8B C8 79 07 E3 FF 1C 9F AB 
  [0050]: 14 13 CC 4C 27 08 A2 78 63 91 01 37 1E 49 9F 64 
  [0060]: A9 61 D9 31 F4 9C A9 3D 6E 1D 9A 55 35 0F 32 19 
  [0070]: 3E 6F 14 D1 59 5F 19 3B 28 4A 3F CF 26 D9 00 9F 
RECV-iguana:241:(task: B02614C0, time: 1975432.32) 19 octets @ 8003A1E0
  [0000]: FF 03 00 3D C0 06 CA 1A 2D 26 54 CE 00 05 B4 00 
  [0010]: 0A 5D 05 
XMIT-iguana:241:(task: B02614C0, time: 1975432.46) 49 octets @ 8008AF76
  [0000]: FF 03 00 3D C0 09 1E 29 21 45 00 00 28 D6 00 00 
  [0010]: 00 F6 06 73 30 CC 47 7F 03 CE 41 62 12 00 50 20 
  [0020]: 18 22 9D 32 74 00 00 00 00 50 04 00 00 BE C8 00 
  [0030]: 00 
RECV-iguana:241:(task: B04E12C0, time: 1975432.48) 49 octets @ 8003D320
  [0000]: FF 03 00 3D C0 06 CA 1C 2F 45 00 00 28 6A 35 40 
  [0010]: 00 3F 00 A3 29 CE 41 62 12 9C 2E 61 EF 20 26 00 
  [0020]: 50 A6 B1 DC 4F 7B 21 5C 64 50 10 7D 78 88 ED 00 
  [0030]: 00 
RECV-iguana:241:(task: B04C4300, time: 1975432.51) 71 octets @ 8003A808
  [0000]: FF 03 00 3D C0 06 CA 1E 21 45 00 00 3E 6A 37 00 
  [0010]: 00 3F 11 AE 25 CE 41 62 12 CC FC 66 02 05 EA 00 
  [0020]: 35 00 2A 7E 7C 00 A4 01 00 00 01 00 00 00 00 00 
  [0030]: 00 03 77 77 77 08 63 73 6F 6E 6C 69 6E 65 03 6E 
  [0040]: 65 74 00 00 01 00 01 
XMIT-iguana:241:(task: B04DFA00, time: 1975432.55) 84 octets @ 8008C556
  [0000]: FF 03 00 3D C0 09 1E 2B FD 00 21 00 4E D9 A3 30 
  [0010]: 00 27 34 82 24 00 03 F4 22 48 1D 33 1F 86 60 15 
  [0020]: 19 B0 6A 05 74 00 07 49 C3 13 15 E2 85 40 53 CD 
  [0030]: C1 18 14 07 34 84 11 ED 21 CA 42 60 8F 40 03 C1 
  [0040]: 87 4C 99 9A 58 00 CD 06 83 82 14 AD 19 E0 07 D8 
  [0050]: 23 00 9A 0E 
XMIT-iguana:241:(task: B04DFA00, time: 1975432.55) 101 octets @ 800806B6
  [0000]: FF 03 00 3D C0 09 1E 2D FD 00 21 00 A1 D9 E7 2A 
  [0010]: 16 90 4F 9D 11 DC BC EF 37 50 01 1A E7 6F 00 14 
  [0020]: 88 1E 76 80 B0 47 3B FF C0 10 43 29 C7 08 A1 D8 
  [0030]: 4E 22 E8 B7 70 6F 15 1E 20 03 00 C9 C5 31 8B 00 
  [0040]: 65 82 32 5E 20 9C 92 32 01 10 CA EC 01 DB 00 95 
  [0050]: E3 DC AA 04 67 19 4E 20 26 01 73 21 E4 CC 23 0E 
  [0060]: 5E 58 00 44 67 
RECV-iguana:241:(task: B02614C0, time: 1975432.58) 53 octets @ 8003CCF8
  [0000]: FF 03 00 3D C0 06 CA 20 21 45 00 00 2C 6A 39 00 
  [0010]: 00 3F 06 17 36 CE 41 62 12 CF 00 FB 08 20 28 00 
  [0020]: 50 22 31 89 3A 00 00 00 00 60 02 02 00 CF E5 00 
  [0030]: 00 02 04 05 B4 
XMIT-iguana:241:(task: B04D7A40, time: 1975432.83) 53 octets @ 800935D6
  [0000]: FF 03 00 3D C0 09 1E 2F 21 45 00 00 2C 2B BD 40 
  [0010]: 00 7A 06 DA B1 CF 00 FB 08 CE 41 62 12 00 50 20 
  [0020]: 27 7C 4C 71 91 E4 08 DD D7 60 12 22 38 AB 4B 00 
  [0030]: 00 02 04 05 B4 
RECV-iguana:241:(task: B02614C0, time: 1975432.85) 49 octets @ 8003BD94
  [0000]: FF 03 00 3D C0 06 CA 22 2F 45 00 00 28 6A 3B 40 
  [0010]: 00 3F 03 D7 37 CE 41 62 12 CF 00 FB 08 20 27 00 
  [0020]: 50 E4 08 DD D7 7C 4C 71 92 50 10 7D 78 67 C8 00 
  [0030]: 00 
XMIT-iguana:241:(task: B04E12C0, time: 1975432.85) 53 octets @ 8009EB16
  [0000]: FF 03 00 3D C0 09 1E 31 21 45 00 00 2C 2D BD 40 
  [0010]: 00 7A 06 D8 B1 CF 00 FB 08 CE 41 62 12 00 50 20 
  [0020]: 29 7C 4C 71 9C 9A 6A 93 A4 60 12 22 38 3F 10 00 
  [0030]: 00 02 04 05 B4 
XMIT-iguana:241:(task: B04E12C0, time: 1975432.85) 49 octets @ 800935D6
  [0000]: FF 03 00 3D C0 09 1E 33 21 45 00 00 28 45 BD 00 
  [0010]: 00 35 06 11 A2 9C 2E 61 EF CE 41 62 12 00 50 20 
  [0020]: 26 7B 21 5E D0 A6 B1 DD D7 50 11 7F E0 82 90 00 
  [0030]: 00 
RECV-iguana:241:(task: B02614C0, time: 1975432.90) 347 octets @ 8003C0A8
  [0000]: FF 03 00 3D C0 06 CA 24 FD 00 2D 01 7C 01 38 00 
  [0010]: D4 0B 50 11 1C 8A 54 10 0B CE 86 13 71 D0 D2 71 
  [0020]: 3A 99 4E 62 F1 C8 E4 60 31 19 0E 4F 22 E3 51 C0 
  [0030]: CE 20 24 15 0A 85 01 78 C4 5C 30 06 82 8A 46 53 
  [0040]: 31 94 E5 82 07 42 03 41 D0 E8 70 1D 0B C5 E6 33 
  [0050]: 39 A4 5C 65 31 18 74 E1 8C DE 6D 17 98 4E E2 DC 
  [0060]: 82 2F 32 90 B2 01 24 A6 41 28 12 45 C6 43 61 B0 
  [0070]: 7E 56 34 99 4E E4 93 A1 94 DA 26 34 E1 51 E8 D8 
RECV-iguana:241:(task: B04633E0, time: 1975432.91) 49 octets @ 8003B458
  [0000]: FF 03 00 3D C0 06 CA 26 2F 45 00 00 28 6A 3F 40 
  [0010]: 00 3F 04 D7 33 CE 41 62 12 CF 00 FB 08 20 29 00 
  [0020]: 50 9A 6A 93 A4 7C 4C 71 9D 50 10 7D 78 FB 8C 00 
  [0030]: 00 
RECV-iguana:241:(task: B04E12C0, time: 1975432.91) 20 octets @ 8003D00C
  [0000]: FF 03 00 3D C0 06 CA 28 2D 6C 00 84 F8 00 02 6D 
  [0010]: 00 01 88 0B 
RECV-iguana:241:(task: B04E12C0, time: 1975433.31) 23 octets @ 8003D948
  [0000]: FF 03 00 3D C0 06 CA 2A 2D 6E 03 60 9D 00 FA 4C 
  [0010]: 00 0B 68 00 01 77 06 
RECV-iguana:241:(task: B04E12C0, time: 1975433.50) 93 octets @ 8003B76C
  [0000]: FF 03 00 3D C0 06 CA 2C 21 45 00 00 54 6A 45 00 
  [0010]: 00 3F 01 AE 08 CE 41 62 12 CC FC 66 0B 08 00 6E 
  [0020]: 50 E7 03 EB 0A 28 2A B6 36 E8 3C 06 00 08 09 0A 
  [0030]: 0B 0C 0D 0E 0F 10 11 12 13 14 15 16 17 18 19 1A 
  [0040]: 1B 1C 1D 1E 1F 20 21 22 23 24 25 26 27 28 29 2A 
  [0050]: 2B 2C 2D 2E 2F 30 31 32 33 34 35 36 37 
RECV-iguana:241:(task: B04E12C0, time: 1975433.84) 17 octets @ 8003DC5C
  [0000]: FF 03 00 3D C0 06 CA 2E 2D 64 03 55 35 00 0B 68 
  [0010]: 04 
RECV-iguana:241:(task: B04E12C0, time: 1975434.34) 20 octets @ 8003D634
  [0000]: FF 03 00 3D C0 06 CA 30 2D 66 03 49 CD 00 05 B4 
  [0010]: 00 05 B4 02 
XMIT-iguana:241:(task: B04E2C00, time: 1975434.35) 1391 octets @ 800806B6
  [0000]: FF 03 00 3D C0 09 1E 35 FD 00 2F 05 DC D9 22 80 
  [0010]: 00 AD C1 AA F4 80 00 3D 01 59 60 16 78 01 F6 08 
  [0020]: 67 10 4C 41 20 01 40 40 27 3E 13 0E 29 27 20 21 
  [0030]: BE 4E 28 04 04 0C 14 83 FC 00 00 24 15 0A 85 01 
  [0040]: 78 C4 5C 31 10 0C 86 03 01 01 3C 96 0D 05 14 CC 
  [0050]: A7 23 B6 0C 1D 08 09 A6 93 19 C8 DE 73 37 99 8E 
  [0060]: 82 D2 49 24 A6 2F 1A 0B 86 19 B0 86 6F 37 1B 8C 
  [0070]: A6 33 A1 A7 0E 67 C3 59 94 CA 70 16 98 4D 86 9D 
XMIT-iguana:241:(task: B04E2C00, time: 1975434.35) 1381 octets @ 8007FA36
  [0000]: FF 03 00 3D C0 09 1E 37 FD 00 2F 05 DC D9 22 80 
  [0010]: 00 AD C1 BA F4 80 00 3D 00 D9 20 16 78 01 F6 08 
  [0020]: 67 10 4C 41 20 01 40 40 28 3E 13 0E 29 71 10 C5 
  [0030]: 14 B2 28 04 04 0C 17 8B E8 00 00 24 15 0A 85 01 
  [0040]: 78 C4 5C 31 10 0C 86 03 01 01 3C 96 0D 05 14 CC 
  [0050]: A7 23 B6 0C 1D 08 09 A6 93 19 C8 DE 73 37 99 8E 
  [0060]: 82 D2 49 24 A6 2F 1A 0B 86 19 B0 86 6F 37 1B 8C 
  [0070]: A6 33 A1 A7 0E 67 C3 59 94 CA 70 16 98 4D 86 9D 
XMIT-iguana:241:(task: B04E2C00, time: 1975434.35) 1390 octets @ 8007FD56
  [0000]: FF 03 00 3D C0 09 1E 39 FD 00 2F 05 DC D9 22 80 
  [0010]: 00 AD C1 CA F4 80 00 3D 00 58 E0 16 78 01 F6 08 
  [0020]: 67 10 4C 41 20 01 40 40 29 3E 13 0E 29 D4 D1 A9 
  [0030]: 2A 1B 28 04 04 0C 17 CB 54 00 00 24 15 0A 85 01 
  [0040]: 78 C4 5C 31 10 0C 86 03 01 01 3C 96 0D 05 14 CC 
  [0050]: A7 23 B6 0C 1D 08 09 A6 93 19 C8 DE 73 37 99 8E 
  [0060]: 82 D2 49 24 A6 2F 1A 0B 86 19 B0 86 6F 37 1B 8C 
  [0070]: A6 33 A1 A7 0E 67 C3 59 94 CA 70 16 98 4D 86 9D 
XMIT-iguana:241:(task: B04E2C00, time: 1975434.35) 1476 octets @ 8009AFB6
  [0000]: FF 03 00 3D C0 09 1E 3B 2D 6F 05 A5 B2 00 0B 00 
  [0010]: 00 1B 01 C0 1C F4 FD 2A D0 11 DD BC 30 5B 14 59 
  [0020]: 8A 86 92 4C 67 68 F7 F7 A3 C8 69 0E B9 6F B5 B9 
  [0030]: 90 82 B8 E9 B7 FA D5 08 2F 5E CE F5 7C C0 00 3C 
  [0040]: 66 AE A5 F2 43 3B DA B9 1E 5E 76 F9 BD 32 DE 94 
  [0050]: 0B 38 AE E7 F2 9F E6 8C 1E F4 3D 22 06 E4 52 AC 
  [0060]: D1 87 52 0A 9E 41 15 4B 54 8D 5E D8 93 9E 2A DA 
  [0070]: A2 C6 8B 1A 00 AA 07 00 74 15 53 51 BD 8A DA DF 
XMIT-iguana:241:(task: B04E2C00, time: 1975434.35) 1475 octets @ 80092C76
  [0000]: FF 03 00 3D C0 09 1E 3D 2D 2F E5 79 00 01 00 6F 
  [0010]: F0 B6 3A 7E 07 BD 67 1D D8 F6 34 34 47 41 31 58 
  [0020]: FF 00 D5 91 9C 9F 5A DE 96 36 9A 17 53 81 90 45 
  [0030]: 72 FA 6C 71 AD DA 85 25 B9 DC 48 1F D6 BA 9F 35 
  [0040]: 7A 9E B5 9D EC D8 CE 3A F2 D5 DB CD 8C 90 92 29 
  [0050]: C1 23 B7 A1 FA 53 96 05 BA B3 5B 79 A4 62 57 07 
  [0060]: 86 C6 48 EC 7D 8F F8 D7 49 77 6B 0D D7 CE 41 59 
  [0070]: 31 C3 56 5B 69 B7 45 FF 00 76 A8 7D 0E 71 9A A5 
XMIT-iguana:241:(task: B04E2C00, time: 1975434.35) 1476 octets @ 8008A936
  [0000]: FF 03 00 3D C0 09 1E 3F 2D 6F 03 7C 6D 00 0F 00 
  [0010]: AB 26 DE A3 F0 E9 F4 AE B0 0C 01 E9 EB 59 54 8E 
  [0020]: B6 B9 71 92 B6 C4 2C A5 B1 8F E5 4C E5 47 41 81 
  [0030]: D0 63 8A B4 47 07 E9 C5 33 62 E0 9C E0 F6 15 84 
  [0040]: 13 45 29 59 15 CF 0D 92 3A 54 6D C9 C6 3A 7E 75 
  [0050]: 3E D0 5B 8F 7E 7D 6A 22 8C 1D 4E 7A 0C 55 FA 81 
  [0060]: 0B 28 55 21 7B F6 CF 7A F3 43 39 8B C5 57 2E A8 
  [0070]: 4A EE 20 8C FD E3 EB 5E 98 F9 53 91 9C 95 C9 C5 
RECV-iguana:241:(task: B02614C0, time: 1975434.78) 20 octets @ 8003C3BC
  [0000]: FF 03 00 3D C0 06 CA 32 2D 66 03 44 19 00 FA 4C 
  [0010]: 00 0B 68 02 
RECV-iguana:241:(task: B02614C0, time: 1975434.88) 20 octets @ 8003B144
  [0000]: FF 03 00 3D C0 06 CA 34 2D 66 04 DD 91 00 05 B4 
  [0010]: 00 05 B4 03 
XMIT-iguana:241:(task: B04E2C00, time: 1975434.99) 1475 octets @ 800A3936
  [0000]: FF 03 00 3D C0 09 1E 41 2D 2F 3B 06 00 01 00 51 
  [0010]: F7 57 D4 7B D7 53 6B 61 15 9D BA C1 0A 05 40 38 
  [0020]: A1 D4 84 53 E5 EA 3E 5D AE 79 BF 83 75 05 D1 75 
  [0030]: 6B EB 2B B1 E5 44 CF B8 67 A2 9E 9D 7E 95 A5 E3 
  [0040]: AD 6E 3B 8B 25 B0 B6 90 33 CA 42 92 3F FA D5 B3 
  [0050]: AE 78 42 D7 56 66 93 26 29 1B 92 CB 54 B4 DF 05 
  [0060]: 43 69 74 B7 13 3B 4A CB D3 75 27 56 2E D2 62 E4 
  [0070]: 6B D0 C3 D7 EC BF B3 3C 15 6B 11 27 77 0A 32 7D 
XMIT-iguana:241:(task: B04E2C00, time: 1975434.99) 1475 octets @ 80080396
  [0000]: FF 03 00 3D C0 09 1E 43 2D 2F E0 E8 00 01 00 D4 
  [0010]: 1A E9 52 46 2E 12 EA 8D BF 08 FC 9A DD BA 8E 84 
  [0020]: FC B8 1C 57 A2 EA 97 11 C1 6A C5 98 0C 8E B5 E7 
  [0030]: 3E 1E 1E 5E B5 6C 72 C0 16 AE 97 C6 EF 34 51 C2 
  [0040]: C9 18 68 89 5C 90 79 1D BA 7D 6B 96 A4 53 A9 A9 
  [0050]: B5 2D 22 5B D2 52 DE 4B 01 2C D0 07 3B CF 3B 7A 
  [0060]: 72 6B 59 C2 98 81 85 00 F4 18 C1 AE 33 C3 BA B0 
  [0070]: D3 EE 8D AC EF BA DA 5C 6D 3F DD 6F F0 AE BD 8B 
XMIT-iguana:241:(task: B04E2C00, time: 1975434.99) 1476 octets @ 800A3C56
  [0000]: FF 03 00 3D C0 09 1E 45 2D 6F 05 7D E5 00 10 00 
  [0010]: CC 4A 1D AF 90 79 18 A6 B6 D4 AB 1A 79 07 9E 7D 
  [0020]: 6A B5 DC 1F 68 8D 93 BF 6C D5 BC 64 01 9C 71 D8 
  [0030]: 54 6C 87 D7 F3 A5 74 85 B9 C4 5C 41 72 97 B2 48 
  [0040]: C4 A8 84 67 8E FE FF 00 D2 AD B1 3A A5 B4 58 63 
  [0050]: 1A 83 96 C7 7F 4C 56 9E B7 A6 1B A8 C4 90 CA D1 
  [0060]: C8 3A E3 A3 0F 42 2B 99 37 0D 6F 70 B1 D9 65 91 
  [0070]: 06 5F 8E 07 B7 D6 B7 8B 25 A2 CD D4 0E 91 C8 AA 
XMIT-iguana:241:(task: B04E2C00, time: 1975434.99) 1475 octets @ 80098716
  [0000]: FF 03 00 3D C0 09 1E 47 2D 2F 1C 8A 00 01 00 9B 
  [0010]: 6A 85 BA E3 27 D4 55 BB 9B 8B 77 B1 86 D2 36 22 
  [0020]: 48 46 0A 95 39 C7 3F 9D 57 B6 83 CE 68 62 24 6D 
  [0030]: 69 71 82 73 C6 2A 58 E3 A9 DA C6 C9 22 E5 59 18 
  [0040]: 7A 83 D2 9F 91 B7 8E DE B5 85 A4 D9 0B 1D 52 E9 
  [0050]: 10 E1 59 55 B1 D0 1E DF 9F 15 B7 70 92 FD 99 DA 
  [0060]: 1E 64 0A 76 82 70 09 AC 12 77 7A 03 6D 23 0B 52 
  [0070]: BF 8C DD 2A 48 09 0A 78 0A 33 B9 BB 7E 5D 7F 0A 
RECV-iguana:241:(task: B02614C0, time: 1975435.33) 20 octets @ 8003C9E4
  [0000]: FF 03 00 3D C0 06 CA 36 2D 66 03 32 FD 00 05 B4 
  [0010]: 00 0B 68 04 
RECV-iguana:241:(task: B04E12C0, time: 1975435.62) 17 octets @ 8003BA80
  [0000]: FF 03 00 3D C0 06 CA 38 2D 64 03 2D 49 00 05 B4 
  [0010]: 02 
RECV-iguana:241:(task: B02614C0, time: 1975435.92) 17 octets @ 8003A4F4
  [0000]: FF 03 00 3D C0 06 CA 3A 2D 64 02 49 6B 00 0B 68 
  [0010]: 05 
RECV-iguana:241:(task: B04C3640, time: 1975436.11) 12 octets @ 8003AE30
  [0000]: FF 03 00 3D C1 00 0A BB 00 00 00 02 
RECV-iguana:241:(task: B04633E0, time: 1975436.11) 20 octets @ 8003AB1C
  [0000]: FF 03 00 3D C1 00 15 66 00 00 00 01 00 00 00 08 
  [0010]: 00 00 00 00 
RECV-iguana:241:(task: B02614C0, time: 1975436.12) 20 octets @ 8003C6D0
  [0000]: FF 03 00 3D C0 06 CA 3C 2D 66 02 41 0A 00 05 B4 
  [0010]: 00 02 AD 02 
XMIT-iguana:241:(task: B02614C0, time: 1975436.16) 1475 octets @ 8008A936
  [0000]: FF 03 00 3D C0 09 1E 49 2D 2F 1E AC 00 01 00 8C 
  [0010]: 0F E5 4E 57 F8 40 56 7C 27 07 BF 38 ED 51 EE 24 
  [0020]: F2 7A D2 FB 9E 84 D3 5B A0 1D E8 B3 10 A0 82 3D 
  [0030]: 32 28 39 29 D3 3D 8D 03 3D 3A A8 1D E9 7A 2E 07 
  [0040]: EB DE A6 FA D8 08 24 8F 77 3D 46 30 2A BB C6 04 
  [0050]: 98 E7 01 7A 1E 7F 3A BE 78 C7 6A A4 37 6E CF F1 
  [0060]: 16 C7 35 29 7B DA 9B D3 9C 9E 8C 73 E1 40 07 F8 
  [0070]: BB 54 4E AA 30 D9 E8 3F 4A 47 0E 73 B7 00 E7 D2 
XMIT-iguana:241:(task: B02614C0, time: 1975436.16) 1476 octets @ 80092C76
  [0000]: FF 03 00 3D C0 09 1E 4B 2D 6F 05 6B C3 00 0E 00 
  [0010]: E6 B1 B7 BF AB 29 BD 0E 57 55 BD 37 3A CC 97 0A 
  [0020]: A0 C5 69 F2 C7 FE D4 A4 7F 41 55 C5 C9 D3 CA 31 
  [0030]: B4 6B C8 DC 9F B4 BD A1 CC 90 64 F1 C7 5C 73 FD 
  [0040]: 7B 54 D2 C7 FB DB 58 25 24 80 A6 59 18 0E 49 24 
  [0050]: 9E 9F D2 A1 22 FB 48 BB 7B BB 7B 8B 5B 8F 35 4A 
  [0060]: 17 78 B6 4B 83 C0 CE 3A E3 8A DD 58 87 E4 49 7F 
  [0070]: 3A DF 4D 00 D3 A3 29 7B 1E 71 72 A3 6E 01 F6 FE 
XMIT-iguana:241:(task: B02614C0, time: 1975436.16) 1476 octets @ 8007FD56
  [0000]: FF 03 00 3D C0 09 1E 4D 2D 6F 01 D3 10 00 1A 00 
  [0010]: 8A AD 78 D6 29 0F CE 47 CD DC F7 A9 2E 5D C8 27 
  [0020]: BA B5 F2 DA 08 D8 6C 51 9C F7 AE 5A FD C5 D9 31 
  [0030]: C6 48 75 27 8A BF 77 60 EA 8E 6D 2D E4 21 FF 00 
  [0040]: 85 7D 0F BD 54 86 0F EC DB 79 2E A5 4C B9 F9 42 
  [0050]: F7 AD 62 BB 12 EE F7 22 D1 2D 0B B4 81 D3 1C E4 
  [0060]: 66 BA 68 E1 11 F5 39 3E 98 AC 5F 0F DC AC 9E 74 
  [0070]: CE 30 C4 F4 AD A8 DF CC 3B BF 5A CA B4 DD DA 3A 
XMIT-iguana:241:(task: B02614C0, time: 1975436.16) 1475 octets @ 80091056
  [0000]: FF 03 00 3D C0 09 1E 4F 2D 2F BD DB 00 01 00 C4 
  [0010]: 43 9E 9D D0 50 93 52 E5 67 AE A8 CF 6A 52 31 DA 
  [0020]: 9B 1A CC DF 76 09 00 FF 00 76 A4 36 B7 8E 37 2D 
  [0030]: B3 12 7D 4E 30 2B CC D8 ED 5A 11 0E BC E2 9C A7 
  [0040]: 9F EB 4B FD 9B A9 96 E2 D8 E3 B7 CD D6 9C BA 36 
  [0050]: AE C7 84 8D 47 B9 EB 4B 74 17 48 9D 21 9E 41 FB 
  [0060]: A1 F8 9A 92 3B 0B 96 24 CD 75 1C 6B E8 A3 FA D1 
  [0070]: FD 9B E2 0F 2F 6A 4B 6E BF 81 AA F2 F8 7F 5F 9C 
XMIT-iguana:241:(task: B02614C0, time: 1975436.16) 189 octets @ 80085E36
  [0000]: FF 03 00 3D C0 09 1E 51 2D 3F 35 BF 00 01 00 BE 
  [0010]: 95 68 8B B8 5A 96 2C 77 1D C4 F2 6A D5 D6 E3 B3 
  [0020]: B5 CE 72 EA F6 30 44 6E 63 18 E0 28 39 38 F7 AA 
  [0030]: D2 5D EF 40 16 32 CA BD 0A A9 E2 BA 65 B6 8A 26 
  [0040]: 3E 4D 8C 7B 8F 27 0B D7 DE 90 3B EE FF 00 52 30 
  [0050]: 3D 13 35 A7 36 97 1A 8B 67 34 90 CB 30 C2 5B 5C 
  [0060]: 36 0F 00 AE 33 5B 16 56 DE 4C 62 69 61 09 39 E0 
  [0070]: 9C E4 A8 E7 8A BB E5 5C CB F3 97 91 7D B6 F4 AA 
XMIT-iguana:241:(task: B02614C0, time: 1975436.16) 1475 octets @ 800A3F76
  [0000]: FF 03 00 3D C0 09 1E 53 2D 2F AC 34 00 01 00 A6 
  [0010]: 72 28 31 36 36 E7 B0 C7 B1 AB 05 C0 1C F6 FD 28 
  [0020]: 27 69 18 E7 34 2A 71 48 4E BC F7 21 FB 3F 7E 3A 
  [0030]: E4 7B FF 00 F5 E8 68 09 93 A9 E4 64 0E D5 23 49 
  [0040]: B4 E4 F1 CE 06 28 EA 73 DD BA D5 59 3E 82 F6 D5 
  [0050]: 37 22 F2 3A 64 F1 D7 8A 6B A2 26 D0 C4 F2 71 C0 
  [0060]: FE 95 63 77 71 D3 D6 AB 70 D7 1F 33 64 8E D4 59 
  [0070]: B6 AE 0E B4 FB 80 B6 CA B6 4E 77 1E 69 7E CD 96 
XMIT-iguana:241:(task: B02614C0, time: 1975436.16) 1475 octets @ 8008E7B6
  [0000]: FF 03 00 3D C0 09 1E 55 2D 2F 9E 11 00 01 00 0D 
  [0010]: CB CD 47 2C 4B 6C 81 21 05 94 F4 19 CE 2B 4D B6 
  [0020]: 42 BE A4 05 22 B6 B6 32 4A C0 00 33 93 5D 7F 86 
  [0030]: 35 8B 1B EB 30 96 B3 89 5E 30 03 28 ED E9 5C 1E 
  [0040]: A5 14 72 DB F9 45 C8 66 00 1E 72 31 5B 1E 0C F0 
  [0050]: C7 F6 63 7D BE 2B F2 19 D7 04 60 62 B3 AD 08 B8 
  [0060]: 5D EF D0 D2 0E 4A 5E 47 A4 09 A4 ED 11 CF A5 48 
  [0070]: AF 36 71 E5 28 1D F9 E9 58 33 DE C7 6F 19 69 B5 
XMIT-iguana:241:(task: B02614C0, time: 1975436.16) 12 octets @ 800A3C56
  [0000]: FF 03 00 3D C1 00 15 65 00 00 00 02 
XMIT-iguana:241:(task: B02614C0, time: 1975436.16) 20 octets @ 8008EDF6
  [0000]: FF 03 00 3D C1 00 0A BB 00 00 00 01 00 00 00 07 
  [0010]: 00 00 00 01 
XMIT-iguana:241:(task: B02614C0, time: 1975436.16) 556 octets @ 80097DB6
  [0000]: FF 03 00 3D C0 09 1E 57 2D 7F 01 05 48 00 0F 00 
  [0010]: DD 78 AB BA BC 5E 66 99 3A 8F EE 9A E7 34 1B B5 
  [0020]: 8F 5F BB B6 5D CC AD 86 C8 1C 67 1F A9 AE B2 E5 
  [0030]: 0B DB C8 36 9E 57 1D 2B 78 C6 DA 33 9A 49 A7 73 
  [0040]: 8B D0 C1 9E C2 48 0B 60 86 23 3E 9C D5 5B FF 00 
  [0050]: 0C C6 50 83 74 4B 39 C8 C0 19 CF B5 37 4C B9 36 
  [0060]: 77 B7 A8 D1 48 0E F3 85 55 CE 6B 4A 58 EE 91 23 
  [0070]: B9 68 5A 4B B9 98 08 A1 20 FE EC 7B FA 77 A8 97 
XMIT-iguana:241:(task: B04E12C0, time: 1975437.22) 8 octets @ 8008E7B6
  [0000]: FF 03 00 3D C0 09 1E 59 
RECV-iguana:241:(task: B04E12C0, time: 1975437.41) 8 octets @ 8003A1E0
  [0000]: FF 03 00 3D C0 06 CA 3E 
RECV-iguana:241:(task: B02614C0, time: 1975438.41) 8 octets @ 8003D320
  [0000]: FF 03 00 3D C0 06 CA 40 
XMIT-iguana:241:(task: B02614C0, time: 1975439.24) 8 octets @ 800A1096
  [0000]: FF 03 00 3D C0 09 1E 5B 
RECV-iguana:241:(task: B02614C0, time: 1975440.42) 8 octets @ 8003A808
  [0000]: FF 03 00 3D C0 06 CA 42 
XMIT-iguana:241:(task: B04E12C0, time: 1975441.21) 8 octets @ 800A1096
  [0000]: FF 03 00 3D C0 09 1E 5D 
RECV-iguana:241:(task: B04C7A20, time: 1975442.42) 8 octets @ 8003CCF8
  [0000]: FF 03 00 3D C0 06 CA 44 
XMIT-iguana:241:(task: B02614C0, time: 1975443.22) 8 octets @ 80097DB6
  [0000]: FF 03 00 3D C0 09 1E 5F 
RECV-iguana:241:(task: B02614C0, time: 1975444.42) 8 octets @ 8003BD94
  [0000]: FF 03 00 3D C0 06 CA 46 
XMIT-iguana:241:(task: B04E12C0, time: 1975445.23) 8 octets @ 80083BD6
  [0000]: FF 03 00 3D C0 09 1E 61 
RECV-iguana:241:(task: B02614C0, time: 1975446.42) 8 octets @ 8003C0A8
  [0000]: FF 03 00 3D C0 06 CA 48 
XMIT-iguana:241:(task: B02614C0, time: 1975447.23) 8 octets @ 8009EB16
  [0000]: FF 03 00 3D C0 09 1E 63 
RECV-iguana:241:(task: B04E12C0, time: 1975448.42) 8 octets @ 8003B458
  [0000]: FF 03 00 3D C0 06 CA 4A 
XMIT-iguana:241:(task: B04C4300, time: 1975449.23) 8 octets @ 8009EB16
  [0000]: FF 03 00 3D C0 09 1E 65 
wandRECV-iguana:241:(task: B04D7A40, time: 1975450.42) 8 octets @ 8003D00C
  [0000]: FF 03 00 3D C0 06 CA 4C 
eXMIT-iguana:241:(task: B02614C0, time: 1975451.23) 8 octets @ 80098A36
  [0000]: FF 03 00 3D C0 09 1E 67 
 sess RECV-iguana:241:(task: B02614C0, time: 1975452.42) 8 octets @ 8003D948
  [0000]: FF 03 00 3D C0 06 CA 4E 
iguXMIT-iguana:241:(task: B02614C0, time: 1975453.24) 8 octets @ 80080CF6
  [0000]: FF 03 00 3D C0 09 1E 69 
ana XMIT-iguana:241:(task: B02614C0, time: 1975454.23) 8 octets @ 80083BD6
  [0000]: FF 03 00 3D C0 09 1E 6B 
RECV-iguana:241:(task: B04E2C00, time: 1975454.42) 8 octets @ 8003B76C
  [0000]: FF 03 00 3D C0 06 CA 50 
0
 > quit
[2J[H[24;1H Press Ctrl-n to move cursor to the next menu item. Press return to select it.
 Press Tab to move to another window --- thick border indicates active window.[1;11H* * *  E N G I N E E R I N G   T E S T   R E L E A S E * * *(0[7m[2;2Hlqqqqqqqq XXXX EDIT qqqqqqqqk[3;2Hx[3;33Hx[4;2Hx[4;33Hx[5;2Hx[5;33Hx[6;2Hx[6;33Hx[7;2Hx[7;33Hx[8;2Hx[8;33Hx[9;2Hx[9;33Hx[10;2Hx[10;33Hx[11;2Hx[11;33Hx[12;2Hx[12;33Hx[13;2Hx[13;33Hx[14;2Hx[14;33Hx[15;2Hx[15;33Hx[16;2Hx[16;33Hx[17;2Hx[17;33Hx[18;2Hx[18;33Hx[19;2Hx[19;33Hx[20;2Hx[20;33Hx[21;2Hx[21;33Hx(B[0m[3;3H90-000 Ethernet               [3;30H   [4;3H 90-100 Connections           [5;3H 90-200 Names / Passwords     [6;3H 90-300 Bridge Adrs           [7;3H 90-400 Static Rtes           [8;3H 90-500 Filters               [9;3H 90-600 Answer                [10;3H 90-700 SNMP Traps            [11;3H>90-800 Mod Config            [12;3H                              [13;3H                              [14;3H                              [15;3H                              [16;3H                              [17;3H                              [18;3H                              [19;3H                              [20;3H                              [21;3H                              (0[2;35Hlqqqqqqqqqqqqqqqqqqqqk[3;35Hx[3;56Hx[4;35Hx[4;56Hx[5;35Hx[5;56Hx[6;35Hx[6;56Hx(B[3;36H10-100 1234567890   [23;79H[3;53H   [4;36H L1/LA **********   [23;79H[5;36H   12345678901234   [23;79H[6;36H   *************s   [23;79H(0[2;58Hlqqqqqqqqqqqqqqqqqqqqk[3;58Hx[3;79Hx[4;58Hx[4;79Hx[5;58Hx[5;79Hx[6;58Hx[6;79Hx(B[3;59H10-200 1234567890   [23;79H[3;76H   [4;59H L2/LA *********-   [23;79H[5;59H   12345678901234   [23;79H[6;59H   *************s   [23;79H(0[7;35Hlqqqqqqqqqqqqqqqqqqqqk[8;35Hx[8;56Hx[9;35Hx[9;56Hx[10;35Hx[10;56Hx[11;35Hx[11;56Hx(B[8;36H20-100 1234567890   [23;79H[8;53H   [9;36H L1/LA **********   [23;79H[10;36H   12345678901234   [23;79H[11;36H   *************s   [23;79H(0[7;58Hlqqqqqqqqqqqqqqqqqqqqk[8;58Hx[8;79Hx[9;58Hx[9;79Hx[10;58Hx[10;79Hx[11;58Hx[11;79Hx(B[8;59H20-200 1234567890   [23;79H[8;76H   [9;59H L2/LA *--**--*--   [23;79H[10;59H   12345678901234   [23;79H[11;59H   *------------s   [23;79H(0[12;35Hlqqqqqqqqqqqqqqqqqqqqk[13;35Hx[13;56Hx[14;35Hx[14;56Hx[15;35Hx[15;56Hx[16;35Hx[16;56Hx(B[13;36H90-100 Sessions     [13;53H   [14;36H> 65 Active        ^[15;36H O impcflsp         [16;36H O donpat          v(0[12;58Hlqqqqqqqqqqqqqqqqqqqqk[13;58Hx[13;79Hx[14;58Hx[14;79Hx[15;58Hx[15;79Hx[16;58Hx[16;79Hx(B[13;59H00-200 16:53:20     [23;79H[13;76H   [14;59H>M31  Line    Ch    [23;79H[15;59H LAN session up     [23;79H[16;59H donpat             [23;79H(0[17;35Hlqqqqqqqqqqqqqqqqqqqqk[18;35Hx[18;56Hx[19;35Hx[19;56Hx[20;35Hx[20;56Hx[21;35Hx[21;56Hx(B[18;36H90-300 WAN Stat     [23;79H[18;53H   [19;36H>Rx Pkt:  865335971^[23;79H[20;36H Tx Pkt:  120535332 [23;79H[21;36H    CRC:       2379v[23;79H(0[17;58Hlqqqqqqqqqqqqqqqqqqqqk[18;58Hx[18;79Hx[19;58Hx[19;79Hx[20;58Hx[20;79Hx[21;58Hx[21;79Hx(B[18;59Hkuhnwitt            [23;79H[18;76H   [19;59H Qual Good 04:15:42 [23;79H[20;59H 128K    2 channels [23;79H[21;59H CLU  45%  ALU  33% [23;79H[23;79H[19;36H>Rx Pkt:  865336143^[23;79H[20;36H Tx Pkt:  120535393 [23;79H[19;59H Qual Good 04:15:43 [23;79H[21;59H CLU  53%  ALU  37% [23;79H[23;79H[23;79H[19;36H>Rx Pkt:  865336235^[23;79H[20;36H Tx Pkt:  120535441 [23;79H[19;59H Qual Good 04:15:44 [23;79H[21;59H CLU   0%  ALU  31% [23;79H[23;79H[23;79H[13;59H00-200 16:53:39     [23;79H[13;76H   [15;59H LAN session down   [23;79H[16;59H bbque              [23;79H[19;36H>Rx Pkt:  865336382^[23;79H[20;36H Tx Pkt:  120535498 [23;79H[19;59H Qual Good 04:15:45 [23;79H[21;59H CLU  36%  ALU  32% [23;79H[23;79H[13;36H90-100 Sessions     [13;53H   [14;36H> 64 Active        ^[15;36H O impcflsp         [16;36H O donpat          v[23;79H[19;36H>Rx Pkt:  865336577^[23;79H[20;36H Tx Pkt:  120535545 [23;79H[19;59H Qual Good 04:15:46 [23;79H[21;59H CLU  26%  ALU  31% [23;79H[23;79H[23;79H[6;36H   ********-****s   [23;79H[23;79H[13;59H00-200 16:53:41     [23;79H[13;76H   [15;59H Assigned to port   [23;79H[16;59H                    [23;79H[19;36H>Rx Pkt:  865336827^[23;79H[20;36H Tx Pkt:  120535586 [23;79H[19;59H Qual Good 04:15:47 [23;79H[21;59H CLU   0%  ALU  26% [23;79H[23;79H[13;36H90-100 Sessions     [13;53H   [14;36H> 65 Active        ^[15;36H O impcflsp         [16;36H O donpat          v[23;79H[19;36H>Rx Pkt:  865337139^[23;79H[20;36H Tx Pkt:  120535636 [23;79H[19;59H Qual Good 04:15:48 [23;79H[21;59H CLU   0%  ALU  16% [23;79H[23;79H[23;79H[6;36H   ********r****s   [23;79H[23;79H[13;59H00-200 16:53:43     [23;79H[13;76H   [14;59H>M31  Line 01 Ch 19 [23;79H[15;59H Call Connected     [23;79H[19;36H>Rx Pkt:  865337330^[23;79H[20;36H Tx Pkt:  120535682 [23;79H[19;59H Qual Good 04:15:50 [23;79H[21;59H CLU   0%  ALU  13% [23;79H[23;79H[23;79H[13;59H00-200 16:53:44     [23;79H[13;76H   [14;59H>M31  Line    Ch    [23;79H[15;59H LAN session down   [23;79H[16;59H rubrcrft           [23;79H[19;36H>Rx Pkt:  865337873^[23;79H[20;36H Tx Pkt:  120535757 [23;79H[19;59H Qual Good 04:15:51 [23;79H[21;59H CLU   0%  ALU   9% [23;79H[23;79H[13;36H90-100 Sessions     [13;53H   [14;36H> 64 Active        ^[15;36H O impcflsp         [16;36H O donpat          v[23;79H[6;36H   *************s   [23;79H[23;79H[4;3HDO...                         [5;3H>0=Esc                        [6;3H P=Password                   [7;3H C=Close TELNET               [8;3H E=Termsrv                    [9;3H D=Diagnostics                [10;3H                              [11;3H                              [12;3H                              [13;3H                              [14;3H                              [15;3H                              [16;3H                              [17;3H                              [18;3H                              [19;3H                              [20;3H                              [21;3H                              [23;79H[13;59H00-200 16:53:46     [23;79H[13;76H   [15;59H Call Terminated    [23;79H[16;59H                    [23;79H[19;36H>Rx Pkt:  865338212^[23;79H[20;36H Tx Pkt:  120535819 [23;79H[19;59H Qual Good 04:15:52 [23;79H[21;59H CLU   0%  ALU   7% [23;79H[23;79H[23;79H[13;59H00-200 16:53:47     [23;79H[13;76H   [15;59H Assigned to port   [23;79H[19;36H>Rx Pkt:  865338655^[23;79H[20;36H Tx Pkt:  120535903 [23;79H[19;59H Qual Good 04:15:53 [23;79H[21;59H CLU   0%  ALU   4% [23;79H[23;79H[13;36H90-100 Sessions     [13;53H   [14;36H> 65 Active        ^[15;36H O impcflsp         [16;36H O donpat          v[23;79H[19;36H>Rx Pkt:  865339114^[23;79H[20;36H Tx Pkt:  120535969 [23;79H[19;59H Qual Good 04:15:54 [23;79H[21;59H CLU  11%  ALU   5% [23;79H[23;79H[23;79H[13;59H00-200 16:53:48     [23;79H[13;76H   [14;59H>M31  Line 02 Ch 10 [23;79H[15;59H Call Connected     [23;79H[19;36H>Rx Pkt:  865339334^[23;79H[20;36H Tx Pkt:  120536017 [23;79H[19;59H Qual Good 04:15:55 [23;79H[21;59H CLU   9%  ALU   5% [23;79H[23;79H[23;79H[4;59H L2/LA **********   [23;79H[23;79H[19;36H>Rx Pkt:  865339622^[23;79H[20;36H Tx Pkt:  120536058 [23;79H[19;59H Qual Good 04:15:56 [23;79H[21;59H CLU   0%  ALU   4% [23;79H[23;79H[23;79H[6;36H   ***********-*s   [23;79H[23;79H[13;59H00-200 16:53:50     [23;79H[13;76H   [14;59H>M31  Line    Ch    [23;79H[15;59H LAN session up     [23;79H[16;59H mstull             [23;79H[19;36H>Rx Pkt:  865339725^[23;79H[20;36H Tx Pkt:  120536098 [23;79H[19;59H Qual Good 04:15:57 [23;79H[21;59H CLU   0%  ALU   3% [23;79H[23;79H[13;36H90-100 Sessions     [13;53H   [14;36H> 64 Active        ^[15;36H O impcflsp         [16;36H O donpat          v[23;79H[19;36H>Rx Pkt:  865339802^[23;79H[20;36H Tx Pkt:  120536146 [23;79H[19;59H Qual Good 04:15:58 [23;79H[21;59H CLU  28%  ALU   7% [23;79H[23;79H[23;79H[19;36H>Rx Pkt:  865339960^[23;79H[20;36H Tx Pkt:  120536221 [23;79H[19;59H Qual Good 04:16:00 [23;79H[21;59H CLU   0%  ALU  10% [23;79H[23;79H[23;79H[19;36H>Rx Pkt:  865340052^[23;79H[20;36H Tx Pkt:  120536283 [23;79H[19;59H Qual Good 04:16:01 [23;79H[21;59H CLU   1%  ALU   9% [23;79H[23;79H[23;79H[19;36H>Rx Pkt:  865340285^[23;79H[20;36H Tx Pkt:  120536344 [23;79H[19;59H Qual Good 04:16:02 [23;79H[21;59H CLU  93%  ALU  24% [23;79H[23;79H[23;79H[19;36H>Rx Pkt:  865340393^[23;79H[20;36H Tx Pkt:  120536427 [23;79H[19;59H Qual Good 04:16:03 [23;79H[21;59H CLU 100%  ALU  42% [23;79H[23;79H[23;79H[13;59H00-200 16:53:58     [23;79H[13;76H   [15;59H Assigned to port   [23;79H[16;59H                    [23;79H[19;36H>Rx Pkt:  865340474^[23;79H[20;36H Tx Pkt:  120536461 [23;79H[19;59H Qual Good 04:16:04 [23;79H[21;59H CLU  45%  ALU  44% [23;79H[23;79H[13;36H90-100 Sessions     [13;53H   [14;36H> 65 Active        ^[15;36H O impcflsp         [16;36H O donpat          v[23;79H[19;36H>Rx Pkt:  865340525^[23;79H[20;36H Tx Pkt:  120536496 [23;79H[19;59H Qual Good 04:16:05 [23;79H[21;59H CLU  34%  ALU  44% [23;79H[23;79H[23;79H[6;36H   ***********r*s   [23;79H[23;79H[13;59H00-200 16:53:59     [23;79H[13;76H   [14;59H>M31  Line 01 Ch 22 [23;79H[15;59H Call Connected     [23;79H[19;36H>Rx Pkt:  865340588^[23;79H[20;36H Tx Pkt:  120536547 [23;79H[19;59H Qual Good 04:16:06 [23;79H[21;59H CLU   9%  ALU  39% [23;79H[23;79H[23;79H[19;36H>Rx Pkt:  865340673^[23;79H[20;36H Tx Pkt:  120536610 [23;79H[19;59H Qual Good 04:16:07 [23;79H[21;59H CLU  24%  ALU  37% [23;79H[23;79H[23;79H[6;36H   *************s   [23;79H[23;79H[19;36H>Rx Pkt:  865340781^[23;79H[20;36H Tx Pkt:  120536680 [23;79H[19;59H Qual Good 04:16:08 [23;79H[21;59H CLU   0%  ALU  30% [23;79H[23;79H[23;79H[19;36H>Rx Pkt:  865340948^[23;79H[20;36H Tx Pkt:  120536725 [23;79H[19;59H Qual Good 04:16:09 [23;79H[21;59H CLU  26%  ALU  29% [23;79H[23;79H[23;79H
